<html>
<body>
<pre>
<h1>Vision Build Log</h1>
<h2>Tool Versions:</h2>
IDE-Version: μVision V5.37.0.0
Copyright (C) 2022 ARM Ltd and ARM Germany GmbH. All rights reserved.
License Information: xxx xxx
xxx
User-based license: Keil MDK Community (non-commercial free of charge)
Valid until: Jun 1 2033. Cached until: Oct 3 2024
 
Tool Versions:
Toolchain:       Keil MDK Community (non-commercial free of charge  Version: 5.37.0.0
Toolchain Path:  D:\Keil_v5\ARM\ARMCLANG\Bin
C Compiler:      ArmClang.exe V6.18
Assembler:       Armasm.exe V6.18
Linker/Locator:  ArmLink.exe V6.18
Library Manager: ArmAr.exe V6.18
Hex Converter:   FromElf.exe V6.18
CPU DLL:         SARMCM3.DLL V5.37.0.0
Dialog DLL:      DCM.DLL V1.17.5.0
Target DLL:      STLink\ST-LINKIII-KEIL_SWO.dll V3.0.9.0
Dialog DLL:      TCM.DLL V1.56.1.0
 
<h2>Project:</h2>
C:\Users\Michael_Chemic\Desktop\2427178252BC260Y核心板资料\BC260Y核心板资料\单片机参考代码\03_BC260Y操作MQTT基础代码\USER\Test.uvprojx
Project File Date:  09/27/2024

<h2>Output:</h2>
*** Using Compiler 'V6.18', folder: 'D:\Keil_v5\ARM\ARMCLANG\Bin'
Rebuild target 'Target 1'
stm32f10x_it.c(25): warning: In file included from...
../USER/stm32f10x_it.h(27): warning: In file included from...
../USER/stm32f10x.h(478): warning: In file included from...
../CORE\core_cm3.h(1204): error: unknown type name 'inline'
static __INLINE void __enable_irq()               { __ASM volatile ("cpsie i"); }
       ^
../CORE\core_cm3.h(751): note: expanded from macro '__INLINE'
  #define __INLINE         inline                                     /*!< inline keyword for GNU Compiler       */
                           ^
../CORE\core_cm3.h(1205): error: unknown type name 'inline'
static __INLINE void __disable_irq()              { __ASM volatile ("cpsid i"); }
       ^
../CORE\core_cm3.h(751): note: expanded from macro '__INLINE'
  #define __INLINE         inline                                     /*!< inline keyword for GNU Compiler       */
                           ^
../CORE\core_cm3.h(1207): error: unknown type name 'inline'
static __INLINE void __enable_fault_irq()         { __ASM volatile ("cpsie f"); }
       ^
../CORE\core_cm3.h(751): note: expanded from macro '__INLINE'
  #define __INLINE         inline                                     /*!< inline keyword for GNU Compiler       */
                           ^
../CORE\core_cm3.h(1208): error: unknown type name 'inline'
static __INLINE void __disable_fault_irq()        { __ASM volatile ("cpsid f"); }
       ^
../CORE\core_cm3.h(751): note: expanded from macro '__INLINE'
  #define __INLINE         inline                                     /*!< inline keyword for GNU Compiler       */
                           ^
../CORE\core_cm3.h(1210): error: unknown type name 'inline'
static __INLINE void __NOP()                      { __ASM volatile ("nop"); }
       ^
../CORE\core_cm3.h(751): note: expanded from macro '__INLINE'
  #define __INLINE         inline                                     /*!< inline keyword for GNU Compiler       */
                           ^
../CORE\core_cm3.h(1211): error: unknown type name 'inline'
static __INLINE void __WFI()                      { __ASM volatile ("wfi"); }
       ^
../CORE\core_cm3.h(751): note: expanded from macro '__INLINE'
  #define __INLINE         inline                                     /*!< inline keyword for GNU Compiler       */
                           ^
../CORE\core_cm3.h(1212): error: unknown type name 'inline'
static __INLINE void __WFE()                      { __ASM volatile ("wfe"); }
       ^
../CORE\core_cm3.h(751): note: expanded from macro '__INLINE'
  #define __INLINE         inline                                     /*!< inline keyword for GNU Compiler       */
                           ^
../CORE\core_cm3.h(1213): error: unknown type name 'inline'
static __INLINE void __SEV()                      { __ASM volatile ("sev"); }
       ^
../CORE\core_cm3.h(751): note: expanded from macro '__INLINE'
  #define __INLINE         inline                                     /*!< inline keyword for GNU Compiler       */
                           ^
../CORE\core_cm3.h(1214): error: unknown type name 'inline'
static __INLINE void __ISB()                      { __ASM volatile ("isb"); }
       ^
../CORE\core_cm3.h(751): note: expanded from macro '__INLINE'
  #define __INLINE         inline                                     /*!< inline keyword for GNU Compiler       */
                           ^
../CORE\core_cm3.h(1215): error: unknown type name 'inline'
static __INLINE void __DSB()                      { __ASM volatile ("dsb"); }
       ^
../CORE\core_cm3.h(751): note: expanded from macro '__INLINE'
  #define __INLINE         inline                                     /*!< inline keyword for GNU Compiler       */
                           ^
../CORE\core_cm3.h(1216): error: unknown type name 'inline'
static __INLINE void __DMB()                      { __ASM volatile ("dmb"); }
       ^
../CORE\core_cm3.h(751): note: expanded from macro '__INLINE'
  #define __INLINE         inline                                     /*!< inline keyword for GNU Compiler       */
                           ^
../CORE\core_cm3.h(1217): error: unknown type name 'inline'
static __INLINE void __CLREX()                    { __ASM volatile ("clrex"); }
       ^
../CORE\core_cm3.h(751): note: expanded from macro '__INLINE'
  #define __INLINE         inline                                     /*!< inline keyword for GNU Compiler       */
                           ^
../CORE\core_cm3.h(1468): error: unknown type name 'inline'
static __INLINE void NVIC_SetPriorityGrouping(uint32_t PriorityGroup)
       ^
../CORE\core_cm3.h(751): note: expanded from macro '__INLINE'
  #define __INLINE         inline                                     /*!< inline keyword for GNU Compiler       */
                           ^
../CORE\core_cm3.h(1489): error: unknown type name 'inline'
static __INLINE uint32_t NVIC_GetPriorityGrouping(void)
       ^
../CORE\core_cm3.h(751): note: expanded from macro '__INLINE'
  #define __INLINE         inline                                     /*!< inline keyword for GNU Compiler       */
                           ^
../CORE\core_cm3.h(1489): error: expected ';' after top level declarator
static __INLINE uint32_t NVIC_GetPriorityGrouping(void)
                        ^
                        ;
../CORE\core_cm3.h(1756): error: unknown type name 'inline'
static __INLINE uint32_t ITM_SendChar (uint32_t ch)
       ^
../CORE\core_cm3.h(751): note: expanded from macro '__INLINE'
  #define __INLINE         inline                                     /*!< inline keyword for GNU Compiler       */
                           ^
../CORE\core_cm3.h(1756): error: expected ';' after top level declarator
static __INLINE uint32_t ITM_SendChar (uint32_t ch)
                        ^
                        ;
17 errors generated.
compiling stm32f10x_it.c...
main.c(1): warning: In file included from...
../HARDWARE/LED\led.h(3): warning: In file included from...
../SYSTEM/sys\sys.h(3): warning: In file included from...
../USER\stm32f10x.h(478): warning: In file included from...
../CORE\core_cm3.h(1204): error: unknown type name 'inline'
static __INLINE void __enable_irq()               { __ASM volatile ("cpsie i"); }
       ^
../CORE\core_cm3.h(751): note: expanded from macro '__INLINE'
  #define __INLINE         inline                                     /*!< inline keyword for GNU Compiler       */
                           ^
../CORE\core_cm3.h(1205): error: unknown type name 'inline'
static __INLINE void __disable_irq()              { __ASM volatile ("cpsid i"); }
       ^
../CORE\core_cm3.h(751): note: expanded from macro '__INLINE'
  #define __INLINE         inline                                     /*!< inline keyword for GNU Compiler       */
                           ^
../CORE\core_cm3.h(1207): error: unknown type name 'inline'
static __INLINE void __enable_fault_irq()         { __ASM volatile ("cpsie f"); }
       ^
../CORE\core_cm3.h(751): note: expanded from macro '__INLINE'
  #define __INLINE         inline                                     /*!< inline keyword for GNU Compiler       */
                           ^
../CORE\core_cm3.h(1208): error: unknown type name 'inline'
static __INLINE void __disable_fault_irq()        { __ASM volatile ("cpsid f"); }
       ^
../CORE\core_cm3.h(751): note: expanded from macro '__INLINE'
  #define __INLINE         inline                                     /*!< inline keyword for GNU Compiler       */
                           ^
../CORE\core_cm3.h(1210): error: unknown type name 'inline'
static __INLINE void __NOP()                      { __ASM volatile ("nop"); }
       ^
../CORE\core_cm3.h(751): note: expanded from macro '__INLINE'
  #define __INLINE         inline                                     /*!< inline keyword for GNU Compiler       */
                           ^
../CORE\core_cm3.h(1211): error: unknown type name 'inline'
static __INLINE void __WFI()                      { __ASM volatile ("wfi"); }
       ^
../CORE\core_cm3.h(751): note: expanded from macro '__INLINE'
  #define __INLINE         inline                                     /*!< inline keyword for GNU Compiler       */
                           ^
../CORE\core_cm3.h(1212): error: unknown type name 'inline'
static __INLINE void __WFE()                      { __ASM volatile ("wfe"); }
       ^
../CORE\core_cm3.h(751): note: expanded from macro '__INLINE'
  #define __INLINE         inline                                     /*!< inline keyword for GNU Compiler       */
                           ^
../CORE\core_cm3.h(1213): error: unknown type name 'inline'
static __INLINE void __SEV()                      { __ASM volatile ("sev"); }
       ^
../CORE\core_cm3.h(751): note: expanded from macro '__INLINE'
  #define __INLINE         inline                                     /*!< inline keyword for GNU Compiler       */
                           ^
../CORE\core_cm3.h(1214): error: unknown type name 'inline'
static __INLINE void __ISB()                      { __ASM volatile ("isb"); }
       ^
../CORE\core_cm3.h(751): note: expanded from macro '__INLINE'
  #define __INLINE         inline                                     /*!< inline keyword for GNU Compiler       */
                           ^
../CORE\core_cm3.h(1215): error: unknown type name 'inline'
static __INLINE void __DSB()                      { __ASM volatile ("dsb"); }
       ^
../CORE\core_cm3.h(751): note: expanded from macro '__INLINE'
  #define __INLINE         inline                                     /*!< inline keyword for GNU Compiler       */
                           ^
../CORE\core_cm3.h(1216): error: unknown type name 'inline'
static __INLINE void __DMB()                      { __ASM volatile ("dmb"); }
       ^
../CORE\core_cm3.h(751): note: expanded from macro '__INLINE'
  #define __INLINE         inline                                     /*!< inline keyword for GNU Compiler       */
                           ^
../CORE\core_cm3.h(1217): error: unknown type name 'inline'
static __INLINE void __CLREX()                    { __ASM volatile ("clrex"); }
       ^
../CORE\core_cm3.h(751): note: expanded from macro '__INLINE'
  #define __INLINE         inline                                     /*!< inline keyword for GNU Compiler       */
                           ^
../CORE\core_cm3.h(1468): error: unknown type name 'inline'
static __INLINE void NVIC_SetPriorityGrouping(uint32_t PriorityGroup)
       ^
../CORE\core_cm3.h(751): note: expanded from macro '__INLINE'
  #define __INLINE         inline                                     /*!< inline keyword for GNU Compiler       */
                           ^
../CORE\core_cm3.h(1489): error: unknown type name 'inline'
static __INLINE uint32_t NVIC_GetPriorityGrouping(void)
       ^
../CORE\core_cm3.h(751): note: expanded from macro '__INLINE'
  #define __INLINE         inline                                     /*!< inline keyword for GNU Compiler       */
                           ^
../CORE\core_cm3.h(1489): error: expected ';' after top level declarator
static __INLINE uint32_t NVIC_GetPriorityGrouping(void)
                        ^
                        ;
../CORE\core_cm3.h(1756): error: unknown type name 'inline'
static __INLINE uint32_t ITM_SendChar (uint32_t ch)
       ^
../CORE\core_cm3.h(751): note: expanded from macro '__INLINE'
  #define __INLINE         inline                                     /*!< inline keyword for GNU Compiler       */
                           ^
../CORE\core_cm3.h(1756): error: expected ';' after top level declarator
static __INLINE uint32_t ITM_SendChar (uint32_t ch)
                        ^
                        ;
main.c(13): warning: non-portable path to file '"BC260Y.h"'; specified path differs in case from file name on disk [-Wnonportable-include-path]
#include "bc260y.h"      
         ^~~~~~~~~~
         "BC260Y.h"
1 warning and 17 errors generated.
compiling main.c...
../STM32F10x_FWLib/src/stm32f10x_bkp.c(23): warning: In file included from...
../STM32F10x_FWLib/inc\stm32f10x_bkp.h(32): warning: In file included from...
../USER\stm32f10x.h(478): warning: In file included from...
../CORE\core_cm3.h(1204): error: unknown type name 'inline'
static __INLINE void __enable_irq()               { __ASM volatile ("cpsie i"); }
       ^
../CORE\core_cm3.h(751): note: expanded from macro '__INLINE'
  #define __INLINE         inline                                     /*!< inline keyword for GNU Compiler       */
                           ^
../CORE\core_cm3.h(1205): error: unknown type name 'inline'
static __INLINE void __disable_irq()              { __ASM volatile ("cpsid i"); }
       ^
../CORE\core_cm3.h(751): note: expanded from macro '__INLINE'
  #define __INLINE         inline                                     /*!< inline keyword for GNU Compiler       */
                           ^
../CORE\core_cm3.h(1207): error: unknown type name 'inline'
static __INLINE void __enable_fault_irq()         { __ASM volatile ("cpsie f"); }
       ^
../CORE\core_cm3.h(751): note: expanded from macro '__INLINE'
  #define __INLINE         inline                                     /*!< inline keyword for GNU Compiler       */
                           ^
../CORE\core_cm3.h(1208): error: unknown type name 'inline'
static __INLINE void __disable_fault_irq()        { __ASM volatile ("cpsid f"); }
       ^
../CORE\core_cm3.h(751): note: expanded from macro '__INLINE'
  #define __INLINE         inline                                     /*!< inline keyword for GNU Compiler       */
                           ^
../CORE\core_cm3.h(1210): error: unknown type name 'inline'
static __INLINE void __NOP()                      { __ASM volatile ("nop"); }
       ^
../CORE\core_cm3.h(751): note: expanded from macro '__INLINE'
  #define __INLINE         inline                                     /*!< inline keyword for GNU Compiler       */
                           ^
../CORE\core_cm3.h(1211): error: unknown type name 'inline'
static __INLINE void __WFI()                      { __ASM volatile ("wfi"); }
       ^
../CORE\core_cm3.h(751): note: expanded from macro '__INLINE'
  #define __INLINE         inline                                     /*!< inline keyword for GNU Compiler       */
                           ^
../CORE\core_cm3.h(1212): error: unknown type name 'inline'
static __INLINE void __WFE()                      { __ASM volatile ("wfe"); }
       ^
../CORE\core_cm3.h(751): note: expanded from macro '__INLINE'
  #define __INLINE         inline                                     /*!< inline keyword for GNU Compiler       */
                           ^
../CORE\core_cm3.h(1213): error: unknown type name 'inline'
static __INLINE void __SEV()                      { __ASM volatile ("sev"); }
       ^
../CORE\core_cm3.h(751): note: expanded from macro '__INLINE'
  #define __INLINE         inline                                     /*!< inline keyword for GNU Compiler       */
                           ^
../CORE\core_cm3.h(1214): error: unknown type name 'inline'
static __INLINE void __ISB()                      { __ASM volatile ("isb"); }
       ^
../CORE\core_cm3.h(751): note: expanded from macro '__INLINE'
  #define __INLINE         inline                                     /*!< inline keyword for GNU Compiler       */
                           ^
../CORE\core_cm3.h(1215): error: unknown type name 'inline'
static __INLINE void __DSB()                      { __ASM volatile ("dsb"); }
       ^
../CORE\core_cm3.h(751): note: expanded from macro '__INLINE'
  #define __INLINE         inline                                     /*!< inline keyword for GNU Compiler       */
                           ^
../CORE\core_cm3.h(1216): error: unknown type name 'inline'
static __INLINE void __DMB()                      { __ASM volatile ("dmb"); }
       ^
../CORE\core_cm3.h(751): note: expanded from macro '__INLINE'
  #define __INLINE         inline                                     /*!< inline keyword for GNU Compiler       */
                           ^
../CORE\core_cm3.h(1217): error: unknown type name 'inline'
static __INLINE void __CLREX()                    { __ASM volatile ("clrex"); }
       ^
../CORE\core_cm3.h(751): note: expanded from macro '__INLINE'
  #define __INLINE         inline                                     /*!< inline keyword for GNU Compiler       */
                           ^
../CORE\core_cm3.h(1468): error: unknown type name 'inline'
static __INLINE void NVIC_SetPriorityGrouping(uint32_t PriorityGroup)
       ^
../CORE\core_cm3.h(751): note: expanded from macro '__INLINE'
  #define __INLINE         inline                                     /*!< inline keyword for GNU Compiler       */
                           ^
../CORE\core_cm3.h(1489): error: unknown type name 'inline'
static __INLINE uint32_t NVIC_GetPriorityGrouping(void)
       ^
../CORE\core_cm3.h(751): note: expanded from macro '__INLINE'
  #define __INLINE         inline                                     /*!< inline keyword for GNU Compiler       */
                           ^
../CORE\core_cm3.h(1489): error: expected ';' after top level declarator
static __INLINE uint32_t NVIC_GetPriorityGrouping(void)
                        ^
                        ;
../CORE\core_cm3.h(1756): error: unknown type name 'inline'
static __INLINE uint32_t ITM_SendChar (uint32_t ch)
       ^
../CORE\core_cm3.h(751): note: expanded from macro '__INLINE'
  #define __INLINE         inline                                     /*!< inline keyword for GNU Compiler       */
                           ^
../CORE\core_cm3.h(1756): error: expected ';' after top level declarator
static __INLINE uint32_t ITM_SendChar (uint32_t ch)
                        ^
                        ;
17 errors generated.
compiling stm32f10x_bkp.c...
../STM32F10x_FWLib/src/stm32f10x_dac.c(23): warning: In file included from...
../STM32F10x_FWLib/inc\stm32f10x_dac.h(32): warning: In file included from...
../USER\stm32f10x.h(478): warning: In file included from...
../CORE\core_cm3.h(1204): error: unknown type name 'inline'
static __INLINE void __enable_irq()               { __ASM volatile ("cpsie i"); }
       ^
../CORE\core_cm3.h(751): note: expanded from macro '__INLINE'
  #define __INLINE         inline                                     /*!< inline keyword for GNU Compiler       */
                           ^
../CORE\core_cm3.h(1205): error: unknown type name 'inline'
static __INLINE void __disable_irq()              { __ASM volatile ("cpsid i"); }
       ^
../CORE\core_cm3.h(751): note: expanded from macro '__INLINE'
  #define __INLINE         inline                                     /*!< inline keyword for GNU Compiler       */
                           ^
../CORE\core_cm3.h(1207): error: unknown type name 'inline'
static __INLINE void __enable_fault_irq()         { __ASM volatile ("cpsie f"); }
       ^
../CORE\core_cm3.h(751): note: expanded from macro '__INLINE'
  #define __INLINE         inline                                     /*!< inline keyword for GNU Compiler       */
                           ^
../CORE\core_cm3.h(1208): error: unknown type name 'inline'
static __INLINE void __disable_fault_irq()        { __ASM volatile ("cpsid f"); }
       ^
../CORE\core_cm3.h(751): note: expanded from macro '__INLINE'
  #define __INLINE         inline                                     /*!< inline keyword for GNU Compiler       */
                           ^
../CORE\core_cm3.h(1210): error: unknown type name 'inline'
static __INLINE void __NOP()                      { __ASM volatile ("nop"); }
       ^
../CORE\core_cm3.h(751): note: expanded from macro '__INLINE'
  #define __INLINE         inline                                     /*!< inline keyword for GNU Compiler       */
                           ^
../CORE\core_cm3.h(1211): error: unknown type name 'inline'
static __INLINE void __WFI()                      { __ASM volatile ("wfi"); }
       ^
../CORE\core_cm3.h(751): note: expanded from macro '__INLINE'
  #define __INLINE         inline                                     /*!< inline keyword for GNU Compiler       */
                           ^
../CORE\core_cm3.h(1212): error: unknown type name 'inline'
static __INLINE void __WFE()                      { __ASM volatile ("wfe"); }
       ^
../CORE\core_cm3.h(751): note: expanded from macro '__INLINE'
  #define __INLINE         inline                                     /*!< inline keyword for GNU Compiler       */
                           ^
../CORE\core_cm3.h(1213): error: unknown type name 'inline'
static __INLINE void __SEV()                      { __ASM volatile ("sev"); }
       ^
../CORE\core_cm3.h(751): note: expanded from macro '__INLINE'
  #define __INLINE         inline                                     /*!< inline keyword for GNU Compiler       */
                           ^
../CORE\core_cm3.h(1214): error: unknown type name 'inline'
static __INLINE void __ISB()                      { __ASM volatile ("isb"); }
       ^
../CORE\core_cm3.h(751): note: expanded from macro '__INLINE'
  #define __INLINE         inline                                     /*!< inline keyword for GNU Compiler       */
                           ^
../CORE\core_cm3.h(1215): error: unknown type name 'inline'
static __INLINE void __DSB()                      { __ASM volatile ("dsb"); }
       ^
../CORE\core_cm3.h(751): note: expanded from macro '__INLINE'
  #define __INLINE         inline                                     /*!< inline keyword for GNU Compiler       */
                           ^
../CORE\core_cm3.h(1216): error: unknown type name 'inline'
static __INLINE void __DMB()                      { __ASM volatile ("dmb"); }
       ^
../CORE\core_cm3.h(751): note: expanded from macro '__INLINE'
  #define __INLINE         inline                                     /*!< inline keyword for GNU Compiler       */
                           ^
../CORE\core_cm3.h(1217): error: unknown type name 'inline'
static __INLINE void __CLREX()                    { __ASM volatile ("clrex"); }
       ^
../CORE\core_cm3.h(751): note: expanded from macro '__INLINE'
  #define __INLINE         inline                                     /*!< inline keyword for GNU Compiler       */
                           ^
../CORE\core_cm3.h(1468): error: unknown type name 'inline'
static __INLINE void NVIC_SetPriorityGrouping(uint32_t PriorityGroup)
       ^
../CORE\core_cm3.h(751): note: expanded from macro '__INLINE'
  #define __INLINE         inline                                     /*!< inline keyword for GNU Compiler       */
                           ^
../CORE\core_cm3.h(1489): error: unknown type name 'inline'
static __INLINE uint32_t NVIC_GetPriorityGrouping(void)
       ^
../CORE\core_cm3.h(751): note: expanded from macro '__INLINE'
  #define __INLINE         inline                                     /*!< inline keyword for GNU Compiler       */
                           ^
../CORE\core_cm3.h(1489): error: expected ';' after top level declarator
static __INLINE uint32_t NVIC_GetPriorityGrouping(void)
                        ^
                        ;
../CORE\core_cm3.h(1756): error: unknown type name 'inline'
static __INLINE uint32_t ITM_SendChar (uint32_t ch)
       ^
../CORE\core_cm3.h(751): note: expanded from macro '__INLINE'
  #define __INLINE         inline                                     /*!< inline keyword for GNU Compiler       */
                           ^
../CORE\core_cm3.h(1756): error: expected ';' after top level declarator
static __INLINE uint32_t ITM_SendChar (uint32_t ch)
                        ^
                        ;
17 errors generated.
compiling stm32f10x_dac.c...
../STM32F10x_FWLib/src/misc.c(24): warning: In file included from...
../STM32F10x_FWLib/inc\misc.h(32): warning: In file included from...
../USER\stm32f10x.h(478): warning: In file included from...
../CORE\core_cm3.h(1204): error: unknown type name 'inline'
static __INLINE void __enable_irq()               { __ASM volatile ("cpsie i"); }
       ^
../CORE\core_cm3.h(751): note: expanded from macro '__INLINE'
  #define __INLINE         inline                                     /*!< inline keyword for GNU Compiler       */
                           ^
../CORE\core_cm3.h(1205): error: unknown type name 'inline'
static __INLINE void __disable_irq()              { __ASM volatile ("cpsid i"); }
       ^
../CORE\core_cm3.h(751): note: expanded from macro '__INLINE'
  #define __INLINE         inline                                     /*!< inline keyword for GNU Compiler       */
                           ^
../CORE\core_cm3.h(1207): error: unknown type name 'inline'
static __INLINE void __enable_fault_irq()         { __ASM volatile ("cpsie f"); }
       ^
../CORE\core_cm3.h(751): note: expanded from macro '__INLINE'
  #define __INLINE         inline                                     /*!< inline keyword for GNU Compiler       */
                           ^
../CORE\core_cm3.h(1208): error: unknown type name 'inline'
static __INLINE void __disable_fault_irq()        { __ASM volatile ("cpsid f"); }
       ^
../CORE\core_cm3.h(751): note: expanded from macro '__INLINE'
  #define __INLINE         inline                                     /*!< inline keyword for GNU Compiler       */
                           ^
../CORE\core_cm3.h(1210): error: unknown type name 'inline'
static __INLINE void __NOP()                      { __ASM volatile ("nop"); }
       ^
../CORE\core_cm3.h(751): note: expanded from macro '__INLINE'
  #define __INLINE         inline                                     /*!< inline keyword for GNU Compiler       */
                           ^
../CORE\core_cm3.h(1211): error: unknown type name 'inline'
static __INLINE void __WFI()                      { __ASM volatile ("wfi"); }
       ^
../CORE\core_cm3.h(751): note: expanded from macro '__INLINE'
  #define __INLINE         inline                                     /*!< inline keyword for GNU Compiler       */
                           ^
../CORE\core_cm3.h(1212): error: unknown type name 'inline'
static __INLINE void __WFE()                      { __ASM volatile ("wfe"); }
       ^
../CORE\core_cm3.h(751): note: expanded from macro '__INLINE'
  #define __INLINE         inline                                     /*!< inline keyword for GNU Compiler       */
                           ^
../CORE\core_cm3.h(1213): error: unknown type name 'inline'
static __INLINE void __SEV()                      { __ASM volatile ("sev"); }
       ^
../CORE\core_cm3.h(751): note: expanded from macro '__INLINE'
  #define __INLINE         inline                                     /*!< inline keyword for GNU Compiler       */
                           ^
../CORE\core_cm3.h(1214): error: unknown type name 'inline'
static __INLINE void __ISB()                      { __ASM volatile ("isb"); }
       ^
../CORE\core_cm3.h(751): note: expanded from macro '__INLINE'
  #define __INLINE         inline                                     /*!< inline keyword for GNU Compiler       */
                           ^
../CORE\core_cm3.h(1215): error: unknown type name 'inline'
static __INLINE void __DSB()                      { __ASM volatile ("dsb"); }
       ^
../CORE\core_cm3.h(751): note: expanded from macro '__INLINE'
  #define __INLINE         inline                                     /*!< inline keyword for GNU Compiler       */
                           ^
../CORE\core_cm3.h(1216): error: unknown type name 'inline'
static __INLINE void __DMB()                      { __ASM volatile ("dmb"); }
       ^
../CORE\core_cm3.h(751): note: expanded from macro '__INLINE'
  #define __INLINE         inline                                     /*!< inline keyword for GNU Compiler       */
                           ^
../CORE\core_cm3.h(1217): error: unknown type name 'inline'
static __INLINE void __CLREX()                    { __ASM volatile ("clrex"); }
       ^
../CORE\core_cm3.h(751): note: expanded from macro '__INLINE'
  #define __INLINE         inline                                     /*!< inline keyword for GNU Compiler       */
                           ^
../CORE\core_cm3.h(1468): error: unknown type name 'inline'
static __INLINE void NVIC_SetPriorityGrouping(uint32_t PriorityGroup)
       ^
../CORE\core_cm3.h(751): note: expanded from macro '__INLINE'
  #define __INLINE         inline                                     /*!< inline keyword for GNU Compiler       */
                           ^
../CORE\core_cm3.h(1489): error: unknown type name 'inline'
static __INLINE uint32_t NVIC_GetPriorityGrouping(void)
       ^
../CORE\core_cm3.h(751): note: expanded from macro '__INLINE'
  #define __INLINE         inline                                     /*!< inline keyword for GNU Compiler       */
                           ^
../CORE\core_cm3.h(1489): error: expected ';' after top level declarator
static __INLINE uint32_t NVIC_GetPriorityGrouping(void)
                        ^
                        ;
../CORE\core_cm3.h(1756): error: unknown type name 'inline'
static __INLINE uint32_t ITM_SendChar (uint32_t ch)
       ^
../CORE\core_cm3.h(751): note: expanded from macro '__INLINE'
  #define __INLINE         inline                                     /*!< inline keyword for GNU Compiler       */
                           ^
../CORE\core_cm3.h(1756): error: expected ';' after top level declarator
static __INLINE uint32_t ITM_SendChar (uint32_t ch)
                        ^
                        ;
17 errors generated.
compiling misc.c...
../STM32F10x_FWLib/src/stm32f10x_crc.c(23): warning: In file included from...
../STM32F10x_FWLib/inc\stm32f10x_crc.h(32): warning: In file included from...
../USER\stm32f10x.h(478): warning: In file included from...
../CORE\core_cm3.h(1204): error: unknown type name 'inline'
static __INLINE void __enable_irq()               { __ASM volatile ("cpsie i"); }
       ^
../CORE\core_cm3.h(751): note: expanded from macro '__INLINE'
  #define __INLINE         inline                                     /*!< inline keyword for GNU Compiler       */
                           ^
../CORE\core_cm3.h(1205): error: unknown type name 'inline'
static __INLINE void __disable_irq()              { __ASM volatile ("cpsid i"); }
       ^
../CORE\core_cm3.h(751): note: expanded from macro '__INLINE'
  #define __INLINE         inline                                     /*!< inline keyword for GNU Compiler       */
                           ^
../CORE\core_cm3.h(1207): error: unknown type name 'inline'
static __INLINE void __enable_fault_irq()         { __ASM volatile ("cpsie f"); }
       ^
../CORE\core_cm3.h(751): note: expanded from macro '__INLINE'
  #define __INLINE         inline                                     /*!< inline keyword for GNU Compiler       */
                           ^
../CORE\core_cm3.h(1208): error: unknown type name 'inline'
static __INLINE void __disable_fault_irq()        { __ASM volatile ("cpsid f"); }
       ^
../CORE\core_cm3.h(751): note: expanded from macro '__INLINE'
  #define __INLINE         inline                                     /*!< inline keyword for GNU Compiler       */
                           ^
../CORE\core_cm3.h(1210): error: unknown type name 'inline'
static __INLINE void __NOP()                      { __ASM volatile ("nop"); }
       ^
../CORE\core_cm3.h(751): note: expanded from macro '__INLINE'
  #define __INLINE         inline                                     /*!< inline keyword for GNU Compiler       */
                           ^
../CORE\core_cm3.h(1211): error: unknown type name 'inline'
static __INLINE void __WFI()                      { __ASM volatile ("wfi"); }
       ^
../CORE\core_cm3.h(751): note: expanded from macro '__INLINE'
  #define __INLINE         inline                                     /*!< inline keyword for GNU Compiler       */
                           ^
../CORE\core_cm3.h(1212): error: unknown type name 'inline'
static __INLINE void __WFE()                      { __ASM volatile ("wfe"); }
       ^
../CORE\core_cm3.h(751): note: expanded from macro '__INLINE'
  #define __INLINE         inline                                     /*!< inline keyword for GNU Compiler       */
                           ^
../CORE\core_cm3.h(1213): error: unknown type name 'inline'
static __INLINE void __SEV()                      { __ASM volatile ("sev"); }
       ^
../CORE\core_cm3.h(751): note: expanded from macro '__INLINE'
  #define __INLINE         inline                                     /*!< inline keyword for GNU Compiler       */
                           ^
../CORE\core_cm3.h(1214): error: unknown type name 'inline'
static __INLINE void __ISB()                      { __ASM volatile ("isb"); }
       ^
../CORE\core_cm3.h(751): note: expanded from macro '__INLINE'
  #define __INLINE         inline                                     /*!< inline keyword for GNU Compiler       */
                           ^
../CORE\core_cm3.h(1215): error: unknown type name 'inline'
static __INLINE void __DSB()                      { __ASM volatile ("dsb"); }
       ^
../CORE\core_cm3.h(751): note: expanded from macro '__INLINE'
  #define __INLINE         inline                                     /*!< inline keyword for GNU Compiler       */
                           ^
../CORE\core_cm3.h(1216): error: unknown type name 'inline'
static __INLINE void __DMB()                      { __ASM volatile ("dmb"); }
       ^
../CORE\core_cm3.h(751): note: expanded from macro '__INLINE'
  #define __INLINE         inline                                     /*!< inline keyword for GNU Compiler       */
                           ^
../CORE\core_cm3.h(1217): error: unknown type name 'inline'
static __INLINE void __CLREX()                    { __ASM volatile ("clrex"); }
       ^
../CORE\core_cm3.h(751): note: expanded from macro '__INLINE'
  #define __INLINE         inline                                     /*!< inline keyword for GNU Compiler       */
                           ^
../CORE\core_cm3.h(1468): error: unknown type name 'inline'
static __INLINE void NVIC_SetPriorityGrouping(uint32_t PriorityGroup)
       ^
../CORE\core_cm3.h(751): note: expanded from macro '__INLINE'
  #define __INLINE         inline                                     /*!< inline keyword for GNU Compiler       */
                           ^
../CORE\core_cm3.h(1489): error: unknown type name 'inline'
static __INLINE uint32_t NVIC_GetPriorityGrouping(void)
       ^
../CORE\core_cm3.h(751): note: expanded from macro '__INLINE'
  #define __INLINE         inline                                     /*!< inline keyword for GNU Compiler       */
                           ^
../CORE\core_cm3.h(1489): error: expected ';' after top level declarator
static __INLINE uint32_t NVIC_GetPriorityGrouping(void)
                        ^
                        ;
../CORE\core_cm3.h(1756): error: unknown type name 'inline'
static __INLINE uint32_t ITM_SendChar (uint32_t ch)
       ^
../CORE\core_cm3.h(751): note: expanded from macro '__INLINE'
  #define __INLINE         inline                                     /*!< inline keyword for GNU Compiler       */
                           ^
../CORE\core_cm3.h(1756): error: expected ';' after top level declarator
static __INLINE uint32_t ITM_SendChar (uint32_t ch)
                        ^
                        ;
17 errors generated.
compiling stm32f10x_crc.c...
../STM32F10x_FWLib/src/stm32f10x_dbgmcu.c(23): warning: In file included from...
../STM32F10x_FWLib/inc\stm32f10x_dbgmcu.h(32): warning: In file included from...
../USER\stm32f10x.h(478): warning: In file included from...
../CORE\core_cm3.h(1204): error: unknown type name 'inline'
static __INLINE void __enable_irq()               { __ASM volatile ("cpsie i"); }
       ^
../CORE\core_cm3.h(751): note: expanded from macro '__INLINE'
  #define __INLINE         inline                                     /*!< inline keyword for GNU Compiler       */
                           ^
../CORE\core_cm3.h(1205): error: unknown type name 'inline'
static __INLINE void __disable_irq()              { __ASM volatile ("cpsid i"); }
       ^
../CORE\core_cm3.h(751): note: expanded from macro '__INLINE'
  #define __INLINE         inline                                     /*!< inline keyword for GNU Compiler       */
                           ^
../CORE\core_cm3.h(1207): error: unknown type name 'inline'
static __INLINE void __enable_fault_irq()         { __ASM volatile ("cpsie f"); }
       ^
../CORE\core_cm3.h(751): note: expanded from macro '__INLINE'
  #define __INLINE         inline                                     /*!< inline keyword for GNU Compiler       */
                           ^
../CORE\core_cm3.h(1208): error: unknown type name 'inline'
static __INLINE void __disable_fault_irq()        { __ASM volatile ("cpsid f"); }
       ^
../CORE\core_cm3.h(751): note: expanded from macro '__INLINE'
  #define __INLINE         inline                                     /*!< inline keyword for GNU Compiler       */
                           ^
../CORE\core_cm3.h(1210): error: unknown type name 'inline'
static __INLINE void __NOP()                      { __ASM volatile ("nop"); }
       ^
../CORE\core_cm3.h(751): note: expanded from macro '__INLINE'
  #define __INLINE         inline                                     /*!< inline keyword for GNU Compiler       */
                           ^
../CORE\core_cm3.h(1211): error: unknown type name 'inline'
static __INLINE void __WFI()                      { __ASM volatile ("wfi"); }
       ^
../CORE\core_cm3.h(751): note: expanded from macro '__INLINE'
  #define __INLINE         inline                                     /*!< inline keyword for GNU Compiler       */
                           ^
../CORE\core_cm3.h(1212): error: unknown type name 'inline'
static __INLINE void __WFE()                      { __ASM volatile ("wfe"); }
       ^
../CORE\core_cm3.h(751): note: expanded from macro '__INLINE'
  #define __INLINE         inline                                     /*!< inline keyword for GNU Compiler       */
                           ^
../CORE\core_cm3.h(1213): error: unknown type name 'inline'
static __INLINE void __SEV()                      { __ASM volatile ("sev"); }
       ^
../CORE\core_cm3.h(751): note: expanded from macro '__INLINE'
  #define __INLINE         inline                                     /*!< inline keyword for GNU Compiler       */
                           ^
../CORE\core_cm3.h(1214): error: unknown type name 'inline'
static __INLINE void __ISB()                      { __ASM volatile ("isb"); }
       ^
../CORE\core_cm3.h(751): note: expanded from macro '__INLINE'
  #define __INLINE         inline                                     /*!< inline keyword for GNU Compiler       */
                           ^
../CORE\core_cm3.h(1215): error: unknown type name 'inline'
static __INLINE void __DSB()                      { __ASM volatile ("dsb"); }
       ^
../CORE\core_cm3.h(751): note: expanded from macro '__INLINE'
  #define __INLINE         inline                                     /*!< inline keyword for GNU Compiler       */
                           ^
../CORE\core_cm3.h(1216): error: unknown type name 'inline'
static __INLINE void __DMB()                      { __ASM volatile ("dmb"); }
       ^
../CORE\core_cm3.h(751): note: expanded from macro '__INLINE'
  #define __INLINE         inline                                     /*!< inline keyword for GNU Compiler       */
                           ^
../CORE\core_cm3.h(1217): error: unknown type name 'inline'
static __INLINE void __CLREX()                    { __ASM volatile ("clrex"); }
       ^
../CORE\core_cm3.h(751): note: expanded from macro '__INLINE'
  #define __INLINE         inline                                     /*!< inline keyword for GNU Compiler       */
                           ^
../CORE\core_cm3.h(1468): error: unknown type name 'inline'
static __INLINE void NVIC_SetPriorityGrouping(uint32_t PriorityGroup)
       ^
../CORE\core_cm3.h(751): note: expanded from macro '__INLINE'
  #define __INLINE         inline                                     /*!< inline keyword for GNU Compiler       */
                           ^
../CORE\core_cm3.h(1489): error: unknown type name 'inline'
static __INLINE uint32_t NVIC_GetPriorityGrouping(void)
       ^
../CORE\core_cm3.h(751): note: expanded from macro '__INLINE'
  #define __INLINE         inline                                     /*!< inline keyword for GNU Compiler       */
                           ^
../CORE\core_cm3.h(1489): error: expected ';' after top level declarator
static __INLINE uint32_t NVIC_GetPriorityGrouping(void)
                        ^
                        ;
../CORE\core_cm3.h(1756): error: unknown type name 'inline'
static __INLINE uint32_t ITM_SendChar (uint32_t ch)
       ^
../CORE\core_cm3.h(751): note: expanded from macro '__INLINE'
  #define __INLINE         inline                                     /*!< inline keyword for GNU Compiler       */
                           ^
../CORE\core_cm3.h(1756): error: expected ';' after top level declarator
static __INLINE uint32_t ITM_SendChar (uint32_t ch)
                        ^
                        ;
17 errors generated.
compiling stm32f10x_dbgmcu.c...
../STM32F10x_FWLib/src/stm32f10x_cec.c(23): warning: In file included from...
../STM32F10x_FWLib/inc\stm32f10x_cec.h(32): warning: In file included from...
../USER\stm32f10x.h(478): warning: In file included from...
../CORE\core_cm3.h(1204): error: unknown type name 'inline'
static __INLINE void __enable_irq()               { __ASM volatile ("cpsie i"); }
       ^
../CORE\core_cm3.h(751): note: expanded from macro '__INLINE'
  #define __INLINE         inline                                     /*!< inline keyword for GNU Compiler       */
                           ^
../CORE\core_cm3.h(1205): error: unknown type name 'inline'
static __INLINE void __disable_irq()              { __ASM volatile ("cpsid i"); }
       ^
../CORE\core_cm3.h(751): note: expanded from macro '__INLINE'
  #define __INLINE         inline                                     /*!< inline keyword for GNU Compiler       */
                           ^
../CORE\core_cm3.h(1207): error: unknown type name 'inline'
static __INLINE void __enable_fault_irq()         { __ASM volatile ("cpsie f"); }
       ^
../CORE\core_cm3.h(751): note: expanded from macro '__INLINE'
  #define __INLINE         inline                                     /*!< inline keyword for GNU Compiler       */
                           ^
../CORE\core_cm3.h(1208): error: unknown type name 'inline'
static __INLINE void __disable_fault_irq()        { __ASM volatile ("cpsid f"); }
       ^
../CORE\core_cm3.h(751): note: expanded from macro '__INLINE'
  #define __INLINE         inline                                     /*!< inline keyword for GNU Compiler       */
                           ^
../CORE\core_cm3.h(1210): error: unknown type name 'inline'
static __INLINE void __NOP()                      { __ASM volatile ("nop"); }
       ^
../CORE\core_cm3.h(751): note: expanded from macro '__INLINE'
  #define __INLINE         inline                                     /*!< inline keyword for GNU Compiler       */
                           ^
../CORE\core_cm3.h(1211): error: unknown type name 'inline'
static __INLINE void __WFI()                      { __ASM volatile ("wfi"); }
       ^
../CORE\core_cm3.h(751): note: expanded from macro '__INLINE'
  #define __INLINE         inline                                     /*!< inline keyword for GNU Compiler       */
                           ^
../CORE\core_cm3.h(1212): error: unknown type name 'inline'
static __INLINE void __WFE()                      { __ASM volatile ("wfe"); }
       ^
../CORE\core_cm3.h(751): note: expanded from macro '__INLINE'
  #define __INLINE         inline                                     /*!< inline keyword for GNU Compiler       */
                           ^
../CORE\core_cm3.h(1213): error: unknown type name 'inline'
static __INLINE void __SEV()                      { __ASM volatile ("sev"); }
       ^
../CORE\core_cm3.h(751): note: expanded from macro '__INLINE'
  #define __INLINE         inline                                     /*!< inline keyword for GNU Compiler       */
                           ^
../CORE\core_cm3.h(1214): error: unknown type name 'inline'
static __INLINE void __ISB()                      { __ASM volatile ("isb"); }
       ^
../CORE\core_cm3.h(751): note: expanded from macro '__INLINE'
  #define __INLINE         inline                                     /*!< inline keyword for GNU Compiler       */
                           ^
../CORE\core_cm3.h(1215): error: unknown type name 'inline'
static __INLINE void __DSB()                      { __ASM volatile ("dsb"); }
       ^
../CORE\core_cm3.h(751): note: expanded from macro '__INLINE'
  #define __INLINE         inline                                     /*!< inline keyword for GNU Compiler       */
                           ^
../CORE\core_cm3.h(1216): error: unknown type name 'inline'
static __INLINE void __DMB()                      { __ASM volatile ("dmb"); }
       ^
../CORE\core_cm3.h(751): note: expanded from macro '__INLINE'
  #define __INLINE         inline                                     /*!< inline keyword for GNU Compiler       */
                           ^
../CORE\core_cm3.h(1217): error: unknown type name 'inline'
static __INLINE void __CLREX()                    { __ASM volatile ("clrex"); }
       ^
../CORE\core_cm3.h(751): note: expanded from macro '__INLINE'
  #define __INLINE         inline                                     /*!< inline keyword for GNU Compiler       */
                           ^
../CORE\core_cm3.h(1468): error: unknown type name 'inline'
static __INLINE void NVIC_SetPriorityGrouping(uint32_t PriorityGroup)
       ^
../CORE\core_cm3.h(751): note: expanded from macro '__INLINE'
  #define __INLINE         inline                                     /*!< inline keyword for GNU Compiler       */
                           ^
../CORE\core_cm3.h(1489): error: unknown type name 'inline'
static __INLINE uint32_t NVIC_GetPriorityGrouping(void)
       ^
../CORE\core_cm3.h(751): note: expanded from macro '__INLINE'
  #define __INLINE         inline                                     /*!< inline keyword for GNU Compiler       */
                           ^
../CORE\core_cm3.h(1489): error: expected ';' after top level declarator
static __INLINE uint32_t NVIC_GetPriorityGrouping(void)
                        ^
                        ;
../CORE\core_cm3.h(1756): error: unknown type name 'inline'
static __INLINE uint32_t ITM_SendChar (uint32_t ch)
       ^
../CORE\core_cm3.h(751): note: expanded from macro '__INLINE'
  #define __INLINE         inline                                     /*!< inline keyword for GNU Compiler       */
                           ^
../CORE\core_cm3.h(1756): error: expected ';' after top level declarator
static __INLINE uint32_t ITM_SendChar (uint32_t ch)
                        ^
                        ;
17 errors generated.
compiling stm32f10x_cec.c...
system_stm32f10x.c(65): warning: In file included from...
../USER/stm32f10x.h(478): warning: In file included from...
../CORE\core_cm3.h(1204): error: unknown type name 'inline'
static __INLINE void __enable_irq()               { __ASM volatile ("cpsie i"); }
       ^
../CORE\core_cm3.h(751): note: expanded from macro '__INLINE'
  #define __INLINE         inline                                     /*!< inline keyword for GNU Compiler       */
                           ^
../CORE\core_cm3.h(1205): error: unknown type name 'inline'
static __INLINE void __disable_irq()              { __ASM volatile ("cpsid i"); }
       ^
../CORE\core_cm3.h(751): note: expanded from macro '__INLINE'
  #define __INLINE         inline                                     /*!< inline keyword for GNU Compiler       */
                           ^
../CORE\core_cm3.h(1207): error: unknown type name 'inline'
static __INLINE void __enable_fault_irq()         { __ASM volatile ("cpsie f"); }
       ^
../CORE\core_cm3.h(751): note: expanded from macro '__INLINE'
  #define __INLINE         inline                                     /*!< inline keyword for GNU Compiler       */
                           ^
../CORE\core_cm3.h(1208): error: unknown type name 'inline'
static __INLINE void __disable_fault_irq()        { __ASM volatile ("cpsid f"); }
       ^
../CORE\core_cm3.h(751): note: expanded from macro '__INLINE'
  #define __INLINE         inline                                     /*!< inline keyword for GNU Compiler       */
                           ^
../CORE\core_cm3.h(1210): error: unknown type name 'inline'
static __INLINE void __NOP()                      { __ASM volatile ("nop"); }
       ^
../CORE\core_cm3.h(751): note: expanded from macro '__INLINE'
  #define __INLINE         inline                                     /*!< inline keyword for GNU Compiler       */
                           ^
../CORE\core_cm3.h(1211): error: unknown type name 'inline'
static __INLINE void __WFI()                      { __ASM volatile ("wfi"); }
       ^
../CORE\core_cm3.h(751): note: expanded from macro '__INLINE'
  #define __INLINE         inline                                     /*!< inline keyword for GNU Compiler       */
                           ^
../CORE\core_cm3.h(1212): error: unknown type name 'inline'
static __INLINE void __WFE()                      { __ASM volatile ("wfe"); }
       ^
../CORE\core_cm3.h(751): note: expanded from macro '__INLINE'
  #define __INLINE         inline                                     /*!< inline keyword for GNU Compiler       */
                           ^
../CORE\core_cm3.h(1213): error: unknown type name 'inline'
static __INLINE void __SEV()                      { __ASM volatile ("sev"); }
       ^
../CORE\core_cm3.h(751): note: expanded from macro '__INLINE'
  #define __INLINE         inline                                     /*!< inline keyword for GNU Compiler       */
                           ^
../CORE\core_cm3.h(1214): error: unknown type name 'inline'
static __INLINE void __ISB()                      { __ASM volatile ("isb"); }
       ^
../CORE\core_cm3.h(751): note: expanded from macro '__INLINE'
  #define __INLINE         inline                                     /*!< inline keyword for GNU Compiler       */
                           ^
../CORE\core_cm3.h(1215): error: unknown type name 'inline'
static __INLINE void __DSB()                      { __ASM volatile ("dsb"); }
       ^
../CORE\core_cm3.h(751): note: expanded from macro '__INLINE'
  #define __INLINE         inline                                     /*!< inline keyword for GNU Compiler       */
                           ^
../CORE\core_cm3.h(1216): error: unknown type name 'inline'
static __INLINE void __DMB()                      { __ASM volatile ("dmb"); }
       ^
../CORE\core_cm3.h(751): note: expanded from macro '__INLINE'
  #define __INLINE         inline                                     /*!< inline keyword for GNU Compiler       */
                           ^
../CORE\core_cm3.h(1217): error: unknown type name 'inline'
static __INLINE void __CLREX()                    { __ASM volatile ("clrex"); }
       ^
../CORE\core_cm3.h(751): note: expanded from macro '__INLINE'
  #define __INLINE         inline                                     /*!< inline keyword for GNU Compiler       */
                           ^
../CORE\core_cm3.h(1468): error: unknown type name 'inline'
static __INLINE void NVIC_SetPriorityGrouping(uint32_t PriorityGroup)
       ^
../CORE\core_cm3.h(751): note: expanded from macro '__INLINE'
  #define __INLINE         inline                                     /*!< inline keyword for GNU Compiler       */
                           ^
../CORE\core_cm3.h(1489): error: unknown type name 'inline'
static __INLINE uint32_t NVIC_GetPriorityGrouping(void)
       ^
../CORE\core_cm3.h(751): note: expanded from macro '__INLINE'
  #define __INLINE         inline                                     /*!< inline keyword for GNU Compiler       */
                           ^
../CORE\core_cm3.h(1489): error: expected ';' after top level declarator
static __INLINE uint32_t NVIC_GetPriorityGrouping(void)
                        ^
                        ;
../CORE\core_cm3.h(1756): error: unknown type name 'inline'
static __INLINE uint32_t ITM_SendChar (uint32_t ch)
       ^
../CORE\core_cm3.h(751): note: expanded from macro '__INLINE'
  #define __INLINE         inline                                     /*!< inline keyword for GNU Compiler       */
                           ^
../CORE\core_cm3.h(1756): error: expected ';' after top level declarator
static __INLINE uint32_t ITM_SendChar (uint32_t ch)
                        ^
                        ;
17 errors generated.
compiling system_stm32f10x.c...
../STM32F10x_FWLib/src/stm32f10x_adc.c(23): warning: In file included from...
../STM32F10x_FWLib/inc\stm32f10x_adc.h(32): warning: In file included from...
../USER\stm32f10x.h(478): warning: In file included from...
../CORE\core_cm3.h(1204): error: unknown type name 'inline'
static __INLINE void __enable_irq()               { __ASM volatile ("cpsie i"); }
       ^
../CORE\core_cm3.h(751): note: expanded from macro '__INLINE'
  #define __INLINE         inline                                     /*!< inline keyword for GNU Compiler       */
                           ^
../CORE\core_cm3.h(1205): error: unknown type name 'inline'
static __INLINE void __disable_irq()              { __ASM volatile ("cpsid i"); }
       ^
../CORE\core_cm3.h(751): note: expanded from macro '__INLINE'
  #define __INLINE         inline                                     /*!< inline keyword for GNU Compiler       */
                           ^
../CORE\core_cm3.h(1207): error: unknown type name 'inline'
static __INLINE void __enable_fault_irq()         { __ASM volatile ("cpsie f"); }
       ^
../CORE\core_cm3.h(751): note: expanded from macro '__INLINE'
  #define __INLINE         inline                                     /*!< inline keyword for GNU Compiler       */
                           ^
../CORE\core_cm3.h(1208): error: unknown type name 'inline'
static __INLINE void __disable_fault_irq()        { __ASM volatile ("cpsid f"); }
       ^
../CORE\core_cm3.h(751): note: expanded from macro '__INLINE'
  #define __INLINE         inline                                     /*!< inline keyword for GNU Compiler       */
                           ^
../CORE\core_cm3.h(1210): error: unknown type name 'inline'
static __INLINE void __NOP()                      { __ASM volatile ("nop"); }
       ^
../CORE\core_cm3.h(751): note: expanded from macro '__INLINE'
  #define __INLINE         inline                                     /*!< inline keyword for GNU Compiler       */
                           ^
../CORE\core_cm3.h(1211): error: unknown type name 'inline'
static __INLINE void __WFI()                      { __ASM volatile ("wfi"); }
       ^
../CORE\core_cm3.h(751): note: expanded from macro '__INLINE'
  #define __INLINE         inline                                     /*!< inline keyword for GNU Compiler       */
                           ^
../CORE\core_cm3.h(1212): error: unknown type name 'inline'
static __INLINE void __WFE()                      { __ASM volatile ("wfe"); }
       ^
../CORE\core_cm3.h(751): note: expanded from macro '__INLINE'
  #define __INLINE         inline                                     /*!< inline keyword for GNU Compiler       */
                           ^
../CORE\core_cm3.h(1213): error: unknown type name 'inline'
static __INLINE void __SEV()                      { __ASM volatile ("sev"); }
       ^
../CORE\core_cm3.h(751): note: expanded from macro '__INLINE'
  #define __INLINE         inline                                     /*!< inline keyword for GNU Compiler       */
                           ^
../CORE\core_cm3.h(1214): error: unknown type name 'inline'
static __INLINE void __ISB()                      { __ASM volatile ("isb"); }
       ^
../CORE\core_cm3.h(751): note: expanded from macro '__INLINE'
  #define __INLINE         inline                                     /*!< inline keyword for GNU Compiler       */
                           ^
../CORE\core_cm3.h(1215): error: unknown type name 'inline'
static __INLINE void __DSB()                      { __ASM volatile ("dsb"); }
       ^
../CORE\core_cm3.h(751): note: expanded from macro '__INLINE'
  #define __INLINE         inline                                     /*!< inline keyword for GNU Compiler       */
                           ^
../CORE\core_cm3.h(1216): error: unknown type name 'inline'
static __INLINE void __DMB()                      { __ASM volatile ("dmb"); }
       ^
../CORE\core_cm3.h(751): note: expanded from macro '__INLINE'
  #define __INLINE         inline                                     /*!< inline keyword for GNU Compiler       */
                           ^
../CORE\core_cm3.h(1217): error: unknown type name 'inline'
static __INLINE void __CLREX()                    { __ASM volatile ("clrex"); }
       ^
../CORE\core_cm3.h(751): note: expanded from macro '__INLINE'
  #define __INLINE         inline                                     /*!< inline keyword for GNU Compiler       */
                           ^
../CORE\core_cm3.h(1468): error: unknown type name 'inline'
static __INLINE void NVIC_SetPriorityGrouping(uint32_t PriorityGroup)
       ^
../CORE\core_cm3.h(751): note: expanded from macro '__INLINE'
  #define __INLINE         inline                                     /*!< inline keyword for GNU Compiler       */
                           ^
../CORE\core_cm3.h(1489): error: unknown type name 'inline'
static __INLINE uint32_t NVIC_GetPriorityGrouping(void)
       ^
../CORE\core_cm3.h(751): note: expanded from macro '__INLINE'
  #define __INLINE         inline                                     /*!< inline keyword for GNU Compiler       */
                           ^
../CORE\core_cm3.h(1489): error: expected ';' after top level declarator
static __INLINE uint32_t NVIC_GetPriorityGrouping(void)
                        ^
                        ;
../CORE\core_cm3.h(1756): error: unknown type name 'inline'
static __INLINE uint32_t ITM_SendChar (uint32_t ch)
       ^
../CORE\core_cm3.h(751): note: expanded from macro '__INLINE'
  #define __INLINE         inline                                     /*!< inline keyword for GNU Compiler       */
                           ^
../CORE\core_cm3.h(1756): error: expected ';' after top level declarator
static __INLINE uint32_t ITM_SendChar (uint32_t ch)
                        ^
                        ;
17 errors generated.
compiling stm32f10x_adc.c...
../STM32F10x_FWLib/src/stm32f10x_can.c(23): warning: In file included from...
../STM32F10x_FWLib/inc\stm32f10x_can.h(32): warning: In file included from...
../USER\stm32f10x.h(478): warning: In file included from...
../CORE\core_cm3.h(1204): error: unknown type name 'inline'
static __INLINE void __enable_irq()               { __ASM volatile ("cpsie i"); }
       ^
../CORE\core_cm3.h(751): note: expanded from macro '__INLINE'
  #define __INLINE         inline                                     /*!< inline keyword for GNU Compiler       */
                           ^
../CORE\core_cm3.h(1205): error: unknown type name 'inline'
static __INLINE void __disable_irq()              { __ASM volatile ("cpsid i"); }
       ^
../CORE\core_cm3.h(751): note: expanded from macro '__INLINE'
  #define __INLINE         inline                                     /*!< inline keyword for GNU Compiler       */
                           ^
../CORE\core_cm3.h(1207): error: unknown type name 'inline'
static __INLINE void __enable_fault_irq()         { __ASM volatile ("cpsie f"); }
       ^
../CORE\core_cm3.h(751): note: expanded from macro '__INLINE'
  #define __INLINE         inline                                     /*!< inline keyword for GNU Compiler       */
                           ^
../CORE\core_cm3.h(1208): error: unknown type name 'inline'
static __INLINE void __disable_fault_irq()        { __ASM volatile ("cpsid f"); }
       ^
../CORE\core_cm3.h(751): note: expanded from macro '__INLINE'
  #define __INLINE         inline                                     /*!< inline keyword for GNU Compiler       */
                           ^
../CORE\core_cm3.h(1210): error: unknown type name 'inline'
static __INLINE void __NOP()                      { __ASM volatile ("nop"); }
       ^
../CORE\core_cm3.h(751): note: expanded from macro '__INLINE'
  #define __INLINE         inline                                     /*!< inline keyword for GNU Compiler       */
                           ^
../CORE\core_cm3.h(1211): error: unknown type name 'inline'
static __INLINE void __WFI()                      { __ASM volatile ("wfi"); }
       ^
../CORE\core_cm3.h(751): note: expanded from macro '__INLINE'
  #define __INLINE         inline                                     /*!< inline keyword for GNU Compiler       */
                           ^
../CORE\core_cm3.h(1212): error: unknown type name 'inline'
static __INLINE void __WFE()                      { __ASM volatile ("wfe"); }
       ^
../CORE\core_cm3.h(751): note: expanded from macro '__INLINE'
  #define __INLINE         inline                                     /*!< inline keyword for GNU Compiler       */
                           ^
../CORE\core_cm3.h(1213): error: unknown type name 'inline'
static __INLINE void __SEV()                      { __ASM volatile ("sev"); }
       ^
../CORE\core_cm3.h(751): note: expanded from macro '__INLINE'
  #define __INLINE         inline                                     /*!< inline keyword for GNU Compiler       */
                           ^
../CORE\core_cm3.h(1214): error: unknown type name 'inline'
static __INLINE void __ISB()                      { __ASM volatile ("isb"); }
       ^
../CORE\core_cm3.h(751): note: expanded from macro '__INLINE'
  #define __INLINE         inline                                     /*!< inline keyword for GNU Compiler       */
                           ^
../CORE\core_cm3.h(1215): error: unknown type name 'inline'
static __INLINE void __DSB()                      { __ASM volatile ("dsb"); }
       ^
../CORE\core_cm3.h(751): note: expanded from macro '__INLINE'
  #define __INLINE         inline                                     /*!< inline keyword for GNU Compiler       */
                           ^
../CORE\core_cm3.h(1216): error: unknown type name 'inline'
static __INLINE void __DMB()                      { __ASM volatile ("dmb"); }
       ^
../CORE\core_cm3.h(751): note: expanded from macro '__INLINE'
  #define __INLINE         inline                                     /*!< inline keyword for GNU Compiler       */
                           ^
../CORE\core_cm3.h(1217): error: unknown type name 'inline'
static __INLINE void __CLREX()                    { __ASM volatile ("clrex"); }
       ^
../CORE\core_cm3.h(751): note: expanded from macro '__INLINE'
  #define __INLINE         inline                                     /*!< inline keyword for GNU Compiler       */
                           ^
../CORE\core_cm3.h(1468): error: unknown type name 'inline'
static __INLINE void NVIC_SetPriorityGrouping(uint32_t PriorityGroup)
       ^
../CORE\core_cm3.h(751): note: expanded from macro '__INLINE'
  #define __INLINE         inline                                     /*!< inline keyword for GNU Compiler       */
                           ^
../CORE\core_cm3.h(1489): error: unknown type name 'inline'
static __INLINE uint32_t NVIC_GetPriorityGrouping(void)
       ^
../CORE\core_cm3.h(751): note: expanded from macro '__INLINE'
  #define __INLINE         inline                                     /*!< inline keyword for GNU Compiler       */
                           ^
../CORE\core_cm3.h(1489): error: expected ';' after top level declarator
static __INLINE uint32_t NVIC_GetPriorityGrouping(void)
                        ^
                        ;
../CORE\core_cm3.h(1756): error: unknown type name 'inline'
static __INLINE uint32_t ITM_SendChar (uint32_t ch)
       ^
../CORE\core_cm3.h(751): note: expanded from macro '__INLINE'
  #define __INLINE         inline                                     /*!< inline keyword for GNU Compiler       */
                           ^
../CORE\core_cm3.h(1756): error: expected ';' after top level declarator
static __INLINE uint32_t ITM_SendChar (uint32_t ch)
                        ^
                        ;
17 errors generated.
compiling stm32f10x_can.c...
../STM32F10x_FWLib/src/stm32f10x_dma.c(23): warning: In file included from...
../STM32F10x_FWLib/inc\stm32f10x_dma.h(32): warning: In file included from...
../USER\stm32f10x.h(478): warning: In file included from...
../CORE\core_cm3.h(1204): error: unknown type name 'inline'
static __INLINE void __enable_irq()               { __ASM volatile ("cpsie i"); }
       ^
../CORE\core_cm3.h(751): note: expanded from macro '__INLINE'
  #define __INLINE         inline                                     /*!< inline keyword for GNU Compiler       */
                           ^
../CORE\core_cm3.h(1205): error: unknown type name 'inline'
static __INLINE void __disable_irq()              { __ASM volatile ("cpsid i"); }
       ^
../CORE\core_cm3.h(751): note: expanded from macro '__INLINE'
  #define __INLINE         inline                                     /*!< inline keyword for GNU Compiler       */
                           ^
../CORE\core_cm3.h(1207): error: unknown type name 'inline'
static __INLINE void __enable_fault_irq()         { __ASM volatile ("cpsie f"); }
       ^
../CORE\core_cm3.h(751): note: expanded from macro '__INLINE'
  #define __INLINE         inline                                     /*!< inline keyword for GNU Compiler       */
                           ^
../CORE\core_cm3.h(1208): error: unknown type name 'inline'
static __INLINE void __disable_fault_irq()        { __ASM volatile ("cpsid f"); }
       ^
../CORE\core_cm3.h(751): note: expanded from macro '__INLINE'
  #define __INLINE         inline                                     /*!< inline keyword for GNU Compiler       */
                           ^
../CORE\core_cm3.h(1210): error: unknown type name 'inline'
static __INLINE void __NOP()                      { __ASM volatile ("nop"); }
       ^
../CORE\core_cm3.h(751): note: expanded from macro '__INLINE'
  #define __INLINE         inline                                     /*!< inline keyword for GNU Compiler       */
                           ^
../CORE\core_cm3.h(1211): error: unknown type name 'inline'
static __INLINE void __WFI()                      { __ASM volatile ("wfi"); }
       ^
../CORE\core_cm3.h(751): note: expanded from macro '__INLINE'
  #define __INLINE         inline                                     /*!< inline keyword for GNU Compiler       */
                           ^
../CORE\core_cm3.h(1212): error: unknown type name 'inline'
static __INLINE void __WFE()                      { __ASM volatile ("wfe"); }
       ^
../CORE\core_cm3.h(751): note: expanded from macro '__INLINE'
  #define __INLINE         inline                                     /*!< inline keyword for GNU Compiler       */
                           ^
../CORE\core_cm3.h(1213): error: unknown type name 'inline'
static __INLINE void __SEV()                      { __ASM volatile ("sev"); }
       ^
../CORE\core_cm3.h(751): note: expanded from macro '__INLINE'
  #define __INLINE         inline                                     /*!< inline keyword for GNU Compiler       */
                           ^
../CORE\core_cm3.h(1214): error: unknown type name 'inline'
static __INLINE void __ISB()                      { __ASM volatile ("isb"); }
       ^
../CORE\core_cm3.h(751): note: expanded from macro '__INLINE'
  #define __INLINE         inline                                     /*!< inline keyword for GNU Compiler       */
                           ^
../CORE\core_cm3.h(1215): error: unknown type name 'inline'
static __INLINE void __DSB()                      { __ASM volatile ("dsb"); }
       ^
../CORE\core_cm3.h(751): note: expanded from macro '__INLINE'
  #define __INLINE         inline                                     /*!< inline keyword for GNU Compiler       */
                           ^
../CORE\core_cm3.h(1216): error: unknown type name 'inline'
static __INLINE void __DMB()                      { __ASM volatile ("dmb"); }
       ^
../CORE\core_cm3.h(751): note: expanded from macro '__INLINE'
  #define __INLINE         inline                                     /*!< inline keyword for GNU Compiler       */
                           ^
../CORE\core_cm3.h(1217): error: unknown type name 'inline'
static __INLINE void __CLREX()                    { __ASM volatile ("clrex"); }
       ^
../CORE\core_cm3.h(751): note: expanded from macro '__INLINE'
  #define __INLINE         inline                                     /*!< inline keyword for GNU Compiler       */
                           ^
../CORE\core_cm3.h(1468): error: unknown type name 'inline'
static __INLINE void NVIC_SetPriorityGrouping(uint32_t PriorityGroup)
       ^
../CORE\core_cm3.h(751): note: expanded from macro '__INLINE'
  #define __INLINE         inline                                     /*!< inline keyword for GNU Compiler       */
                           ^
../CORE\core_cm3.h(1489): error: unknown type name 'inline'
static __INLINE uint32_t NVIC_GetPriorityGrouping(void)
       ^
../CORE\core_cm3.h(751): note: expanded from macro '__INLINE'
  #define __INLINE         inline                                     /*!< inline keyword for GNU Compiler       */
                           ^
../CORE\core_cm3.h(1489): error: expected ';' after top level declarator
static __INLINE uint32_t NVIC_GetPriorityGrouping(void)
                        ^
                        ;
../CORE\core_cm3.h(1756): error: unknown type name 'inline'
static __INLINE uint32_t ITM_SendChar (uint32_t ch)
       ^
../CORE\core_cm3.h(751): note: expanded from macro '__INLINE'
  #define __INLINE         inline                                     /*!< inline keyword for GNU Compiler       */
                           ^
../CORE\core_cm3.h(1756): error: expected ';' after top level declarator
static __INLINE uint32_t ITM_SendChar (uint32_t ch)
                        ^
                        ;
17 errors generated.
compiling stm32f10x_dma.c...
../STM32F10x_FWLib/src/stm32f10x_exti.c(23): warning: In file included from...
../STM32F10x_FWLib/inc\stm32f10x_exti.h(32): warning: In file included from...
../USER\stm32f10x.h(478): warning: In file included from...
../CORE\core_cm3.h(1204): error: unknown type name 'inline'
static __INLINE void __enable_irq()               { __ASM volatile ("cpsie i"); }
       ^
../CORE\core_cm3.h(751): note: expanded from macro '__INLINE'
  #define __INLINE         inline                                     /*!< inline keyword for GNU Compiler       */
                           ^
../CORE\core_cm3.h(1205): error: unknown type name 'inline'
static __INLINE void __disable_irq()              { __ASM volatile ("cpsid i"); }
       ^
../CORE\core_cm3.h(751): note: expanded from macro '__INLINE'
  #define __INLINE         inline                                     /*!< inline keyword for GNU Compiler       */
                           ^
../CORE\core_cm3.h(1207): error: unknown type name 'inline'
static __INLINE void __enable_fault_irq()         { __ASM volatile ("cpsie f"); }
       ^
../CORE\core_cm3.h(751): note: expanded from macro '__INLINE'
  #define __INLINE         inline                                     /*!< inline keyword for GNU Compiler       */
                           ^
../CORE\core_cm3.h(1208): error: unknown type name 'inline'
static __INLINE void __disable_fault_irq()        { __ASM volatile ("cpsid f"); }
       ^
../CORE\core_cm3.h(751): note: expanded from macro '__INLINE'
  #define __INLINE         inline                                     /*!< inline keyword for GNU Compiler       */
                           ^
../CORE\core_cm3.h(1210): error: unknown type name 'inline'
static __INLINE void __NOP()                      { __ASM volatile ("nop"); }
       ^
../CORE\core_cm3.h(751): note: expanded from macro '__INLINE'
  #define __INLINE         inline                                     /*!< inline keyword for GNU Compiler       */
                           ^
../CORE\core_cm3.h(1211): error: unknown type name 'inline'
static __INLINE void __WFI()                      { __ASM volatile ("wfi"); }
       ^
../CORE\core_cm3.h(751): note: expanded from macro '__INLINE'
  #define __INLINE         inline                                     /*!< inline keyword for GNU Compiler       */
                           ^
../CORE\core_cm3.h(1212): error: unknown type name 'inline'
static __INLINE void __WFE()                      { __ASM volatile ("wfe"); }
       ^
../CORE\core_cm3.h(751): note: expanded from macro '__INLINE'
  #define __INLINE         inline                                     /*!< inline keyword for GNU Compiler       */
                           ^
../CORE\core_cm3.h(1213): error: unknown type name 'inline'
static __INLINE void __SEV()                      { __ASM volatile ("sev"); }
       ^
../CORE\core_cm3.h(751): note: expanded from macro '__INLINE'
  #define __INLINE         inline                                     /*!< inline keyword for GNU Compiler       */
                           ^
../CORE\core_cm3.h(1214): error: unknown type name 'inline'
static __INLINE void __ISB()                      { __ASM volatile ("isb"); }
       ^
../CORE\core_cm3.h(751): note: expanded from macro '__INLINE'
  #define __INLINE         inline                                     /*!< inline keyword for GNU Compiler       */
                           ^
../CORE\core_cm3.h(1215): error: unknown type name 'inline'
static __INLINE void __DSB()                      { __ASM volatile ("dsb"); }
       ^
../CORE\core_cm3.h(751): note: expanded from macro '__INLINE'
  #define __INLINE         inline                                     /*!< inline keyword for GNU Compiler       */
                           ^
../CORE\core_cm3.h(1216): error: unknown type name 'inline'
static __INLINE void __DMB()                      { __ASM volatile ("dmb"); }
       ^
../CORE\core_cm3.h(751): note: expanded from macro '__INLINE'
  #define __INLINE         inline                                     /*!< inline keyword for GNU Compiler       */
                           ^
../CORE\core_cm3.h(1217): error: unknown type name 'inline'
static __INLINE void __CLREX()                    { __ASM volatile ("clrex"); }
       ^
../CORE\core_cm3.h(751): note: expanded from macro '__INLINE'
  #define __INLINE         inline                                     /*!< inline keyword for GNU Compiler       */
                           ^
../CORE\core_cm3.h(1468): error: unknown type name 'inline'
static __INLINE void NVIC_SetPriorityGrouping(uint32_t PriorityGroup)
       ^
../CORE\core_cm3.h(751): note: expanded from macro '__INLINE'
  #define __INLINE         inline                                     /*!< inline keyword for GNU Compiler       */
                           ^
../CORE\core_cm3.h(1489): error: unknown type name 'inline'
static __INLINE uint32_t NVIC_GetPriorityGrouping(void)
       ^
../CORE\core_cm3.h(751): note: expanded from macro '__INLINE'
  #define __INLINE         inline                                     /*!< inline keyword for GNU Compiler       */
                           ^
../CORE\core_cm3.h(1489): error: expected ';' after top level declarator
static __INLINE uint32_t NVIC_GetPriorityGrouping(void)
                        ^
                        ;
../CORE\core_cm3.h(1756): error: unknown type name 'inline'
static __INLINE uint32_t ITM_SendChar (uint32_t ch)
       ^
../CORE\core_cm3.h(751): note: expanded from macro '__INLINE'
  #define __INLINE         inline                                     /*!< inline keyword for GNU Compiler       */
                           ^
../CORE\core_cm3.h(1756): error: expected ';' after top level declarator
static __INLINE uint32_t ITM_SendChar (uint32_t ch)
                        ^
                        ;
17 errors generated.
compiling stm32f10x_exti.c...
../STM32F10x_FWLib/src/stm32f10x_flash.c(23): warning: In file included from...
../STM32F10x_FWLib/inc\stm32f10x_flash.h(32): warning: In file included from...
../USER\stm32f10x.h(478): warning: In file included from...
../CORE\core_cm3.h(1204): error: unknown type name 'inline'
static __INLINE void __enable_irq()               { __ASM volatile ("cpsie i"); }
       ^
../CORE\core_cm3.h(751): note: expanded from macro '__INLINE'
  #define __INLINE         inline                                     /*!< inline keyword for GNU Compiler       */
                           ^
../CORE\core_cm3.h(1205): error: unknown type name 'inline'
static __INLINE void __disable_irq()              { __ASM volatile ("cpsid i"); }
       ^
../CORE\core_cm3.h(751): note: expanded from macro '__INLINE'
  #define __INLINE         inline                                     /*!< inline keyword for GNU Compiler       */
                           ^
../CORE\core_cm3.h(1207): error: unknown type name 'inline'
static __INLINE void __enable_fault_irq()         { __ASM volatile ("cpsie f"); }
       ^
../CORE\core_cm3.h(751): note: expanded from macro '__INLINE'
  #define __INLINE         inline                                     /*!< inline keyword for GNU Compiler       */
                           ^
../CORE\core_cm3.h(1208): error: unknown type name 'inline'
static __INLINE void __disable_fault_irq()        { __ASM volatile ("cpsid f"); }
       ^
../CORE\core_cm3.h(751): note: expanded from macro '__INLINE'
  #define __INLINE         inline                                     /*!< inline keyword for GNU Compiler       */
                           ^
../CORE\core_cm3.h(1210): error: unknown type name 'inline'
static __INLINE void __NOP()                      { __ASM volatile ("nop"); }
       ^
../CORE\core_cm3.h(751): note: expanded from macro '__INLINE'
  #define __INLINE         inline                                     /*!< inline keyword for GNU Compiler       */
                           ^
../CORE\core_cm3.h(1211): error: unknown type name 'inline'
static __INLINE void __WFI()                      { __ASM volatile ("wfi"); }
       ^
../CORE\core_cm3.h(751): note: expanded from macro '__INLINE'
  #define __INLINE         inline                                     /*!< inline keyword for GNU Compiler       */
                           ^
../CORE\core_cm3.h(1212): error: unknown type name 'inline'
static __INLINE void __WFE()                      { __ASM volatile ("wfe"); }
       ^
../CORE\core_cm3.h(751): note: expanded from macro '__INLINE'
  #define __INLINE         inline                                     /*!< inline keyword for GNU Compiler       */
                           ^
../CORE\core_cm3.h(1213): error: unknown type name 'inline'
static __INLINE void __SEV()                      { __ASM volatile ("sev"); }
       ^
../CORE\core_cm3.h(751): note: expanded from macro '__INLINE'
  #define __INLINE         inline                                     /*!< inline keyword for GNU Compiler       */
                           ^
../CORE\core_cm3.h(1214): error: unknown type name 'inline'
static __INLINE void __ISB()                      { __ASM volatile ("isb"); }
       ^
../CORE\core_cm3.h(751): note: expanded from macro '__INLINE'
  #define __INLINE         inline                                     /*!< inline keyword for GNU Compiler       */
                           ^
../CORE\core_cm3.h(1215): error: unknown type name 'inline'
static __INLINE void __DSB()                      { __ASM volatile ("dsb"); }
       ^
../CORE\core_cm3.h(751): note: expanded from macro '__INLINE'
  #define __INLINE         inline                                     /*!< inline keyword for GNU Compiler       */
                           ^
../CORE\core_cm3.h(1216): error: unknown type name 'inline'
static __INLINE void __DMB()                      { __ASM volatile ("dmb"); }
       ^
../CORE\core_cm3.h(751): note: expanded from macro '__INLINE'
  #define __INLINE         inline                                     /*!< inline keyword for GNU Compiler       */
                           ^
../CORE\core_cm3.h(1217): error: unknown type name 'inline'
static __INLINE void __CLREX()                    { __ASM volatile ("clrex"); }
       ^
../CORE\core_cm3.h(751): note: expanded from macro '__INLINE'
  #define __INLINE         inline                                     /*!< inline keyword for GNU Compiler       */
                           ^
../CORE\core_cm3.h(1468): error: unknown type name 'inline'
static __INLINE void NVIC_SetPriorityGrouping(uint32_t PriorityGroup)
       ^
../CORE\core_cm3.h(751): note: expanded from macro '__INLINE'
  #define __INLINE         inline                                     /*!< inline keyword for GNU Compiler       */
                           ^
../CORE\core_cm3.h(1489): error: unknown type name 'inline'
static __INLINE uint32_t NVIC_GetPriorityGrouping(void)
       ^
../CORE\core_cm3.h(751): note: expanded from macro '__INLINE'
  #define __INLINE         inline                                     /*!< inline keyword for GNU Compiler       */
                           ^
../CORE\core_cm3.h(1489): error: expected ';' after top level declarator
static __INLINE uint32_t NVIC_GetPriorityGrouping(void)
                        ^
                        ;
../CORE\core_cm3.h(1756): error: unknown type name 'inline'
static __INLINE uint32_t ITM_SendChar (uint32_t ch)
       ^
../CORE\core_cm3.h(751): note: expanded from macro '__INLINE'
  #define __INLINE         inline                                     /*!< inline keyword for GNU Compiler       */
                           ^
../CORE\core_cm3.h(1756): error: expected ';' after top level declarator
static __INLINE uint32_t ITM_SendChar (uint32_t ch)
                        ^
                        ;
17 errors generated.
compiling stm32f10x_flash.c...
../STM32F10x_FWLib/src/stm32f10x_fsmc.c(23): warning: In file included from...
../STM32F10x_FWLib/inc\stm32f10x_fsmc.h(32): warning: In file included from...
../USER\stm32f10x.h(478): warning: In file included from...
../CORE\core_cm3.h(1204): error: unknown type name 'inline'
static __INLINE void __enable_irq()               { __ASM volatile ("cpsie i"); }
       ^
../CORE\core_cm3.h(751): note: expanded from macro '__INLINE'
  #define __INLINE         inline                                     /*!< inline keyword for GNU Compiler       */
                           ^
../CORE\core_cm3.h(1205): error: unknown type name 'inline'
static __INLINE void __disable_irq()              { __ASM volatile ("cpsid i"); }
       ^
../CORE\core_cm3.h(751): note: expanded from macro '__INLINE'
  #define __INLINE         inline                                     /*!< inline keyword for GNU Compiler       */
                           ^
../CORE\core_cm3.h(1207): error: unknown type name 'inline'
static __INLINE void __enable_fault_irq()         { __ASM volatile ("cpsie f"); }
       ^
../CORE\core_cm3.h(751): note: expanded from macro '__INLINE'
  #define __INLINE         inline                                     /*!< inline keyword for GNU Compiler       */
                           ^
../CORE\core_cm3.h(1208): error: unknown type name 'inline'
static __INLINE void __disable_fault_irq()        { __ASM volatile ("cpsid f"); }
       ^
../CORE\core_cm3.h(751): note: expanded from macro '__INLINE'
  #define __INLINE         inline                                     /*!< inline keyword for GNU Compiler       */
                           ^
../CORE\core_cm3.h(1210): error: unknown type name 'inline'
static __INLINE void __NOP()                      { __ASM volatile ("nop"); }
       ^
../CORE\core_cm3.h(751): note: expanded from macro '__INLINE'
  #define __INLINE         inline                                     /*!< inline keyword for GNU Compiler       */
                           ^
../CORE\core_cm3.h(1211): error: unknown type name 'inline'
static __INLINE void __WFI()                      { __ASM volatile ("wfi"); }
       ^
../CORE\core_cm3.h(751): note: expanded from macro '__INLINE'
  #define __INLINE         inline                                     /*!< inline keyword for GNU Compiler       */
                           ^
../CORE\core_cm3.h(1212): error: unknown type name 'inline'
static __INLINE void __WFE()                      { __ASM volatile ("wfe"); }
       ^
../CORE\core_cm3.h(751): note: expanded from macro '__INLINE'
  #define __INLINE         inline                                     /*!< inline keyword for GNU Compiler       */
                           ^
../CORE\core_cm3.h(1213): error: unknown type name 'inline'
static __INLINE void __SEV()                      { __ASM volatile ("sev"); }
       ^
../CORE\core_cm3.h(751): note: expanded from macro '__INLINE'
  #define __INLINE         inline                                     /*!< inline keyword for GNU Compiler       */
                           ^
../CORE\core_cm3.h(1214): error: unknown type name 'inline'
static __INLINE void __ISB()                      { __ASM volatile ("isb"); }
       ^
../CORE\core_cm3.h(751): note: expanded from macro '__INLINE'
  #define __INLINE         inline                                     /*!< inline keyword for GNU Compiler       */
                           ^
../CORE\core_cm3.h(1215): error: unknown type name 'inline'
static __INLINE void __DSB()                      { __ASM volatile ("dsb"); }
       ^
../CORE\core_cm3.h(751): note: expanded from macro '__INLINE'
  #define __INLINE         inline                                     /*!< inline keyword for GNU Compiler       */
                           ^
../CORE\core_cm3.h(1216): error: unknown type name 'inline'
static __INLINE void __DMB()                      { __ASM volatile ("dmb"); }
       ^
../CORE\core_cm3.h(751): note: expanded from macro '__INLINE'
  #define __INLINE         inline                                     /*!< inline keyword for GNU Compiler       */
                           ^
../CORE\core_cm3.h(1217): error: unknown type name 'inline'
static __INLINE void __CLREX()                    { __ASM volatile ("clrex"); }
       ^
../CORE\core_cm3.h(751): note: expanded from macro '__INLINE'
  #define __INLINE         inline                                     /*!< inline keyword for GNU Compiler       */
                           ^
../CORE\core_cm3.h(1468): error: unknown type name 'inline'
static __INLINE void NVIC_SetPriorityGrouping(uint32_t PriorityGroup)
       ^
../CORE\core_cm3.h(751): note: expanded from macro '__INLINE'
  #define __INLINE         inline                                     /*!< inline keyword for GNU Compiler       */
                           ^
../CORE\core_cm3.h(1489): error: unknown type name 'inline'
static __INLINE uint32_t NVIC_GetPriorityGrouping(void)
       ^
../CORE\core_cm3.h(751): note: expanded from macro '__INLINE'
  #define __INLINE         inline                                     /*!< inline keyword for GNU Compiler       */
                           ^
../CORE\core_cm3.h(1489): error: expected ';' after top level declarator
static __INLINE uint32_t NVIC_GetPriorityGrouping(void)
                        ^
                        ;
../CORE\core_cm3.h(1756): error: unknown type name 'inline'
static __INLINE uint32_t ITM_SendChar (uint32_t ch)
       ^
../CORE\core_cm3.h(751): note: expanded from macro '__INLINE'
  #define __INLINE         inline                                     /*!< inline keyword for GNU Compiler       */
                           ^
../CORE\core_cm3.h(1756): error: expected ';' after top level declarator
static __INLINE uint32_t ITM_SendChar (uint32_t ch)
                        ^
                        ;
17 errors generated.
compiling stm32f10x_fsmc.c...
../STM32F10x_FWLib/src/stm32f10x_gpio.c(23): warning: In file included from...
../STM32F10x_FWLib/inc\stm32f10x_gpio.h(32): warning: In file included from...
../USER\stm32f10x.h(478): warning: In file included from...
../CORE\core_cm3.h(1204): error: unknown type name 'inline'
static __INLINE void __enable_irq()               { __ASM volatile ("cpsie i"); }
       ^
../CORE\core_cm3.h(751): note: expanded from macro '__INLINE'
  #define __INLINE         inline                                     /*!< inline keyword for GNU Compiler       */
                           ^
../CORE\core_cm3.h(1205): error: unknown type name 'inline'
static __INLINE void __disable_irq()              { __ASM volatile ("cpsid i"); }
       ^
../CORE\core_cm3.h(751): note: expanded from macro '__INLINE'
  #define __INLINE         inline                                     /*!< inline keyword for GNU Compiler       */
                           ^
../CORE\core_cm3.h(1207): error: unknown type name 'inline'
static __INLINE void __enable_fault_irq()         { __ASM volatile ("cpsie f"); }
       ^
../CORE\core_cm3.h(751): note: expanded from macro '__INLINE'
  #define __INLINE         inline                                     /*!< inline keyword for GNU Compiler       */
                           ^
../CORE\core_cm3.h(1208): error: unknown type name 'inline'
static __INLINE void __disable_fault_irq()        { __ASM volatile ("cpsid f"); }
       ^
../CORE\core_cm3.h(751): note: expanded from macro '__INLINE'
  #define __INLINE         inline                                     /*!< inline keyword for GNU Compiler       */
                           ^
../CORE\core_cm3.h(1210): error: unknown type name 'inline'
static __INLINE void __NOP()                      { __ASM volatile ("nop"); }
       ^
../CORE\core_cm3.h(751): note: expanded from macro '__INLINE'
  #define __INLINE         inline                                     /*!< inline keyword for GNU Compiler       */
                           ^
../CORE\core_cm3.h(1211): error: unknown type name 'inline'
static __INLINE void __WFI()                      { __ASM volatile ("wfi"); }
       ^
../CORE\core_cm3.h(751): note: expanded from macro '__INLINE'
  #define __INLINE         inline                                     /*!< inline keyword for GNU Compiler       */
                           ^
../CORE\core_cm3.h(1212): error: unknown type name 'inline'
static __INLINE void __WFE()                      { __ASM volatile ("wfe"); }
       ^
../CORE\core_cm3.h(751): note: expanded from macro '__INLINE'
  #define __INLINE         inline                                     /*!< inline keyword for GNU Compiler       */
                           ^
../CORE\core_cm3.h(1213): error: unknown type name 'inline'
static __INLINE void __SEV()                      { __ASM volatile ("sev"); }
       ^
../CORE\core_cm3.h(751): note: expanded from macro '__INLINE'
  #define __INLINE         inline                                     /*!< inline keyword for GNU Compiler       */
                           ^
../CORE\core_cm3.h(1214): error: unknown type name 'inline'
static __INLINE void __ISB()                      { __ASM volatile ("isb"); }
       ^
../CORE\core_cm3.h(751): note: expanded from macro '__INLINE'
  #define __INLINE         inline                                     /*!< inline keyword for GNU Compiler       */
                           ^
../CORE\core_cm3.h(1215): error: unknown type name 'inline'
static __INLINE void __DSB()                      { __ASM volatile ("dsb"); }
       ^
../CORE\core_cm3.h(751): note: expanded from macro '__INLINE'
  #define __INLINE         inline                                     /*!< inline keyword for GNU Compiler       */
                           ^
../CORE\core_cm3.h(1216): error: unknown type name 'inline'
static __INLINE void __DMB()                      { __ASM volatile ("dmb"); }
       ^
../CORE\core_cm3.h(751): note: expanded from macro '__INLINE'
  #define __INLINE         inline                                     /*!< inline keyword for GNU Compiler       */
                           ^
../CORE\core_cm3.h(1217): error: unknown type name 'inline'
static __INLINE void __CLREX()                    { __ASM volatile ("clrex"); }
       ^
../CORE\core_cm3.h(751): note: expanded from macro '__INLINE'
  #define __INLINE         inline                                     /*!< inline keyword for GNU Compiler       */
                           ^
../CORE\core_cm3.h(1468): error: unknown type name 'inline'
static __INLINE void NVIC_SetPriorityGrouping(uint32_t PriorityGroup)
       ^
../CORE\core_cm3.h(751): note: expanded from macro '__INLINE'
  #define __INLINE         inline                                     /*!< inline keyword for GNU Compiler       */
                           ^
../CORE\core_cm3.h(1489): error: unknown type name 'inline'
static __INLINE uint32_t NVIC_GetPriorityGrouping(void)
       ^
../CORE\core_cm3.h(751): note: expanded from macro '__INLINE'
  #define __INLINE         inline                                     /*!< inline keyword for GNU Compiler       */
                           ^
../CORE\core_cm3.h(1489): error: expected ';' after top level declarator
static __INLINE uint32_t NVIC_GetPriorityGrouping(void)
                        ^
                        ;
../CORE\core_cm3.h(1756): error: unknown type name 'inline'
static __INLINE uint32_t ITM_SendChar (uint32_t ch)
       ^
../CORE\core_cm3.h(751): note: expanded from macro '__INLINE'
  #define __INLINE         inline                                     /*!< inline keyword for GNU Compiler       */
                           ^
../CORE\core_cm3.h(1756): error: expected ';' after top level declarator
static __INLINE uint32_t ITM_SendChar (uint32_t ch)
                        ^
                        ;
17 errors generated.
compiling stm32f10x_gpio.c...
../STM32F10x_FWLib/src/stm32f10x_i2c.c(23): warning: In file included from...
../STM32F10x_FWLib/inc\stm32f10x_i2c.h(32): warning: In file included from...
../USER\stm32f10x.h(478): warning: In file included from...
../CORE\core_cm3.h(1204): error: unknown type name 'inline'
static __INLINE void __enable_irq()               { __ASM volatile ("cpsie i"); }
       ^
../CORE\core_cm3.h(751): note: expanded from macro '__INLINE'
  #define __INLINE         inline                                     /*!< inline keyword for GNU Compiler       */
                           ^
../CORE\core_cm3.h(1205): error: unknown type name 'inline'
static __INLINE void __disable_irq()              { __ASM volatile ("cpsid i"); }
       ^
../CORE\core_cm3.h(751): note: expanded from macro '__INLINE'
  #define __INLINE         inline                                     /*!< inline keyword for GNU Compiler       */
                           ^
../CORE\core_cm3.h(1207): error: unknown type name 'inline'
static __INLINE void __enable_fault_irq()         { __ASM volatile ("cpsie f"); }
       ^
../CORE\core_cm3.h(751): note: expanded from macro '__INLINE'
  #define __INLINE         inline                                     /*!< inline keyword for GNU Compiler       */
                           ^
../CORE\core_cm3.h(1208): error: unknown type name 'inline'
static __INLINE void __disable_fault_irq()        { __ASM volatile ("cpsid f"); }
       ^
../CORE\core_cm3.h(751): note: expanded from macro '__INLINE'
  #define __INLINE         inline                                     /*!< inline keyword for GNU Compiler       */
                           ^
../CORE\core_cm3.h(1210): error: unknown type name 'inline'
static __INLINE void __NOP()                      { __ASM volatile ("nop"); }
       ^
../CORE\core_cm3.h(751): note: expanded from macro '__INLINE'
  #define __INLINE         inline                                     /*!< inline keyword for GNU Compiler       */
                           ^
../CORE\core_cm3.h(1211): error: unknown type name 'inline'
static __INLINE void __WFI()                      { __ASM volatile ("wfi"); }
       ^
../CORE\core_cm3.h(751): note: expanded from macro '__INLINE'
  #define __INLINE         inline                                     /*!< inline keyword for GNU Compiler       */
                           ^
../CORE\core_cm3.h(1212): error: unknown type name 'inline'
static __INLINE void __WFE()                      { __ASM volatile ("wfe"); }
       ^
../CORE\core_cm3.h(751): note: expanded from macro '__INLINE'
  #define __INLINE         inline                                     /*!< inline keyword for GNU Compiler       */
                           ^
../CORE\core_cm3.h(1213): error: unknown type name 'inline'
static __INLINE void __SEV()                      { __ASM volatile ("sev"); }
       ^
../CORE\core_cm3.h(751): note: expanded from macro '__INLINE'
  #define __INLINE         inline                                     /*!< inline keyword for GNU Compiler       */
                           ^
../CORE\core_cm3.h(1214): error: unknown type name 'inline'
static __INLINE void __ISB()                      { __ASM volatile ("isb"); }
       ^
../CORE\core_cm3.h(751): note: expanded from macro '__INLINE'
  #define __INLINE         inline                                     /*!< inline keyword for GNU Compiler       */
                           ^
../CORE\core_cm3.h(1215): error: unknown type name 'inline'
static __INLINE void __DSB()                      { __ASM volatile ("dsb"); }
       ^
../CORE\core_cm3.h(751): note: expanded from macro '__INLINE'
  #define __INLINE         inline                                     /*!< inline keyword for GNU Compiler       */
                           ^
../CORE\core_cm3.h(1216): error: unknown type name 'inline'
static __INLINE void __DMB()                      { __ASM volatile ("dmb"); }
       ^
../CORE\core_cm3.h(751): note: expanded from macro '__INLINE'
  #define __INLINE         inline                                     /*!< inline keyword for GNU Compiler       */
                           ^
../CORE\core_cm3.h(1217): error: unknown type name 'inline'
static __INLINE void __CLREX()                    { __ASM volatile ("clrex"); }
       ^
../CORE\core_cm3.h(751): note: expanded from macro '__INLINE'
  #define __INLINE         inline                                     /*!< inline keyword for GNU Compiler       */
                           ^
../CORE\core_cm3.h(1468): error: unknown type name 'inline'
static __INLINE void NVIC_SetPriorityGrouping(uint32_t PriorityGroup)
       ^
../CORE\core_cm3.h(751): note: expanded from macro '__INLINE'
  #define __INLINE         inline                                     /*!< inline keyword for GNU Compiler       */
                           ^
../CORE\core_cm3.h(1489): error: unknown type name 'inline'
static __INLINE uint32_t NVIC_GetPriorityGrouping(void)
       ^
../CORE\core_cm3.h(751): note: expanded from macro '__INLINE'
  #define __INLINE         inline                                     /*!< inline keyword for GNU Compiler       */
                           ^
../CORE\core_cm3.h(1489): error: expected ';' after top level declarator
static __INLINE uint32_t NVIC_GetPriorityGrouping(void)
                        ^
                        ;
../CORE\core_cm3.h(1756): error: unknown type name 'inline'
static __INLINE uint32_t ITM_SendChar (uint32_t ch)
       ^
../CORE\core_cm3.h(751): note: expanded from macro '__INLINE'
  #define __INLINE         inline                                     /*!< inline keyword for GNU Compiler       */
                           ^
../CORE\core_cm3.h(1756): error: expected ';' after top level declarator
static __INLINE uint32_t ITM_SendChar (uint32_t ch)
                        ^
                        ;
17 errors generated.
compiling stm32f10x_i2c.c...
../STM32F10x_FWLib/src/stm32f10x_iwdg.c(23): warning: In file included from...
../STM32F10x_FWLib/inc\stm32f10x_iwdg.h(32): warning: In file included from...
../USER\stm32f10x.h(478): warning: In file included from...
../CORE\core_cm3.h(1204): error: unknown type name 'inline'
static __INLINE void __enable_irq()               { __ASM volatile ("cpsie i"); }
       ^
../CORE\core_cm3.h(751): note: expanded from macro '__INLINE'
  #define __INLINE         inline                                     /*!< inline keyword for GNU Compiler       */
                           ^
../CORE\core_cm3.h(1205): error: unknown type name 'inline'
static __INLINE void __disable_irq()              { __ASM volatile ("cpsid i"); }
       ^
../CORE\core_cm3.h(751): note: expanded from macro '__INLINE'
  #define __INLINE         inline                                     /*!< inline keyword for GNU Compiler       */
                           ^
../CORE\core_cm3.h(1207): error: unknown type name 'inline'
static __INLINE void __enable_fault_irq()         { __ASM volatile ("cpsie f"); }
       ^
../CORE\core_cm3.h(751): note: expanded from macro '__INLINE'
  #define __INLINE         inline                                     /*!< inline keyword for GNU Compiler       */
                           ^
../CORE\core_cm3.h(1208): error: unknown type name 'inline'
static __INLINE void __disable_fault_irq()        { __ASM volatile ("cpsid f"); }
       ^
../CORE\core_cm3.h(751): note: expanded from macro '__INLINE'
  #define __INLINE         inline                                     /*!< inline keyword for GNU Compiler       */
                           ^
../CORE\core_cm3.h(1210): error: unknown type name 'inline'
static __INLINE void __NOP()                      { __ASM volatile ("nop"); }
       ^
../CORE\core_cm3.h(751): note: expanded from macro '__INLINE'
  #define __INLINE         inline                                     /*!< inline keyword for GNU Compiler       */
                           ^
../CORE\core_cm3.h(1211): error: unknown type name 'inline'
static __INLINE void __WFI()                      { __ASM volatile ("wfi"); }
       ^
../CORE\core_cm3.h(751): note: expanded from macro '__INLINE'
  #define __INLINE         inline                                     /*!< inline keyword for GNU Compiler       */
                           ^
../CORE\core_cm3.h(1212): error: unknown type name 'inline'
static __INLINE void __WFE()                      { __ASM volatile ("wfe"); }
       ^
../CORE\core_cm3.h(751): note: expanded from macro '__INLINE'
  #define __INLINE         inline                                     /*!< inline keyword for GNU Compiler       */
                           ^
../CORE\core_cm3.h(1213): error: unknown type name 'inline'
static __INLINE void __SEV()                      { __ASM volatile ("sev"); }
       ^
../CORE\core_cm3.h(751): note: expanded from macro '__INLINE'
  #define __INLINE         inline                                     /*!< inline keyword for GNU Compiler       */
                           ^
../CORE\core_cm3.h(1214): error: unknown type name 'inline'
static __INLINE void __ISB()                      { __ASM volatile ("isb"); }
       ^
../CORE\core_cm3.h(751): note: expanded from macro '__INLINE'
  #define __INLINE         inline                                     /*!< inline keyword for GNU Compiler       */
                           ^
../CORE\core_cm3.h(1215): error: unknown type name 'inline'
static __INLINE void __DSB()                      { __ASM volatile ("dsb"); }
       ^
../CORE\core_cm3.h(751): note: expanded from macro '__INLINE'
  #define __INLINE         inline                                     /*!< inline keyword for GNU Compiler       */
                           ^
../CORE\core_cm3.h(1216): error: unknown type name 'inline'
static __INLINE void __DMB()                      { __ASM volatile ("dmb"); }
       ^
../CORE\core_cm3.h(751): note: expanded from macro '__INLINE'
  #define __INLINE         inline                                     /*!< inline keyword for GNU Compiler       */
                           ^
../CORE\core_cm3.h(1217): error: unknown type name 'inline'
static __INLINE void __CLREX()                    { __ASM volatile ("clrex"); }
       ^
../CORE\core_cm3.h(751): note: expanded from macro '__INLINE'
  #define __INLINE         inline                                     /*!< inline keyword for GNU Compiler       */
                           ^
../CORE\core_cm3.h(1468): error: unknown type name 'inline'
static __INLINE void NVIC_SetPriorityGrouping(uint32_t PriorityGroup)
       ^
../CORE\core_cm3.h(751): note: expanded from macro '__INLINE'
  #define __INLINE         inline                                     /*!< inline keyword for GNU Compiler       */
                           ^
../CORE\core_cm3.h(1489): error: unknown type name 'inline'
static __INLINE uint32_t NVIC_GetPriorityGrouping(void)
       ^
../CORE\core_cm3.h(751): note: expanded from macro '__INLINE'
  #define __INLINE         inline                                     /*!< inline keyword for GNU Compiler       */
                           ^
../CORE\core_cm3.h(1489): error: expected ';' after top level declarator
static __INLINE uint32_t NVIC_GetPriorityGrouping(void)
                        ^
                        ;
../CORE\core_cm3.h(1756): error: unknown type name 'inline'
static __INLINE uint32_t ITM_SendChar (uint32_t ch)
       ^
../CORE\core_cm3.h(751): note: expanded from macro '__INLINE'
  #define __INLINE         inline                                     /*!< inline keyword for GNU Compiler       */
                           ^
../CORE\core_cm3.h(1756): error: expected ';' after top level declarator
static __INLINE uint32_t ITM_SendChar (uint32_t ch)
                        ^
                        ;
17 errors generated.
compiling stm32f10x_iwdg.c...
../STM32F10x_FWLib/src/stm32f10x_pwr.c(23): warning: In file included from...
../STM32F10x_FWLib/inc\stm32f10x_pwr.h(32): warning: In file included from...
../USER\stm32f10x.h(478): warning: In file included from...
../CORE\core_cm3.h(1204): error: unknown type name 'inline'
static __INLINE void __enable_irq()               { __ASM volatile ("cpsie i"); }
       ^
../CORE\core_cm3.h(751): note: expanded from macro '__INLINE'
  #define __INLINE         inline                                     /*!< inline keyword for GNU Compiler       */
                           ^
../CORE\core_cm3.h(1205): error: unknown type name 'inline'
static __INLINE void __disable_irq()              { __ASM volatile ("cpsid i"); }
       ^
../CORE\core_cm3.h(751): note: expanded from macro '__INLINE'
  #define __INLINE         inline                                     /*!< inline keyword for GNU Compiler       */
                           ^
../CORE\core_cm3.h(1207): error: unknown type name 'inline'
static __INLINE void __enable_fault_irq()         { __ASM volatile ("cpsie f"); }
       ^
../CORE\core_cm3.h(751): note: expanded from macro '__INLINE'
  #define __INLINE         inline                                     /*!< inline keyword for GNU Compiler       */
                           ^
../CORE\core_cm3.h(1208): error: unknown type name 'inline'
static __INLINE void __disable_fault_irq()        { __ASM volatile ("cpsid f"); }
       ^
../CORE\core_cm3.h(751): note: expanded from macro '__INLINE'
  #define __INLINE         inline                                     /*!< inline keyword for GNU Compiler       */
                           ^
../CORE\core_cm3.h(1210): error: unknown type name 'inline'
static __INLINE void __NOP()                      { __ASM volatile ("nop"); }
       ^
../CORE\core_cm3.h(751): note: expanded from macro '__INLINE'
  #define __INLINE         inline                                     /*!< inline keyword for GNU Compiler       */
                           ^
../CORE\core_cm3.h(1211): error: unknown type name 'inline'
static __INLINE void __WFI()                      { __ASM volatile ("wfi"); }
       ^
../CORE\core_cm3.h(751): note: expanded from macro '__INLINE'
  #define __INLINE         inline                                     /*!< inline keyword for GNU Compiler       */
                           ^
../CORE\core_cm3.h(1212): error: unknown type name 'inline'
static __INLINE void __WFE()                      { __ASM volatile ("wfe"); }
       ^
../CORE\core_cm3.h(751): note: expanded from macro '__INLINE'
  #define __INLINE         inline                                     /*!< inline keyword for GNU Compiler       */
                           ^
../CORE\core_cm3.h(1213): error: unknown type name 'inline'
static __INLINE void __SEV()                      { __ASM volatile ("sev"); }
       ^
../CORE\core_cm3.h(751): note: expanded from macro '__INLINE'
  #define __INLINE         inline                                     /*!< inline keyword for GNU Compiler       */
                           ^
../CORE\core_cm3.h(1214): error: unknown type name 'inline'
static __INLINE void __ISB()                      { __ASM volatile ("isb"); }
       ^
../CORE\core_cm3.h(751): note: expanded from macro '__INLINE'
  #define __INLINE         inline                                     /*!< inline keyword for GNU Compiler       */
                           ^
../CORE\core_cm3.h(1215): error: unknown type name 'inline'
static __INLINE void __DSB()                      { __ASM volatile ("dsb"); }
       ^
../CORE\core_cm3.h(751): note: expanded from macro '__INLINE'
  #define __INLINE         inline                                     /*!< inline keyword for GNU Compiler       */
                           ^
../CORE\core_cm3.h(1216): error: unknown type name 'inline'
static __INLINE void __DMB()                      { __ASM volatile ("dmb"); }
       ^
../CORE\core_cm3.h(751): note: expanded from macro '__INLINE'
  #define __INLINE         inline                                     /*!< inline keyword for GNU Compiler       */
                           ^
../CORE\core_cm3.h(1217): error: unknown type name 'inline'
static __INLINE void __CLREX()                    { __ASM volatile ("clrex"); }
       ^
../CORE\core_cm3.h(751): note: expanded from macro '__INLINE'
  #define __INLINE         inline                                     /*!< inline keyword for GNU Compiler       */
                           ^
../CORE\core_cm3.h(1468): error: unknown type name 'inline'
static __INLINE void NVIC_SetPriorityGrouping(uint32_t PriorityGroup)
       ^
../CORE\core_cm3.h(751): note: expanded from macro '__INLINE'
  #define __INLINE         inline                                     /*!< inline keyword for GNU Compiler       */
                           ^
../CORE\core_cm3.h(1489): error: unknown type name 'inline'
static __INLINE uint32_t NVIC_GetPriorityGrouping(void)
       ^
../CORE\core_cm3.h(751): note: expanded from macro '__INLINE'
  #define __INLINE         inline                                     /*!< inline keyword for GNU Compiler       */
                           ^
../CORE\core_cm3.h(1489): error: expected ';' after top level declarator
static __INLINE uint32_t NVIC_GetPriorityGrouping(void)
                        ^
                        ;
../CORE\core_cm3.h(1756): error: unknown type name 'inline'
static __INLINE uint32_t ITM_SendChar (uint32_t ch)
       ^
../CORE\core_cm3.h(751): note: expanded from macro '__INLINE'
  #define __INLINE         inline                                     /*!< inline keyword for GNU Compiler       */
                           ^
../CORE\core_cm3.h(1756): error: expected ';' after top level declarator
static __INLINE uint32_t ITM_SendChar (uint32_t ch)
                        ^
                        ;
17 errors generated.
compiling stm32f10x_pwr.c...
../STM32F10x_FWLib/src/stm32f10x_rcc.c(23): warning: In file included from...
../STM32F10x_FWLib/inc\stm32f10x_rcc.h(32): warning: In file included from...
../USER\stm32f10x.h(478): warning: In file included from...
../CORE\core_cm3.h(1204): error: unknown type name 'inline'
static __INLINE void __enable_irq()               { __ASM volatile ("cpsie i"); }
       ^
../CORE\core_cm3.h(751): note: expanded from macro '__INLINE'
  #define __INLINE         inline                                     /*!< inline keyword for GNU Compiler       */
                           ^
../CORE\core_cm3.h(1205): error: unknown type name 'inline'
static __INLINE void __disable_irq()              { __ASM volatile ("cpsid i"); }
       ^
../CORE\core_cm3.h(751): note: expanded from macro '__INLINE'
  #define __INLINE         inline                                     /*!< inline keyword for GNU Compiler       */
                           ^
../CORE\core_cm3.h(1207): error: unknown type name 'inline'
static __INLINE void __enable_fault_irq()         { __ASM volatile ("cpsie f"); }
       ^
../CORE\core_cm3.h(751): note: expanded from macro '__INLINE'
  #define __INLINE         inline                                     /*!< inline keyword for GNU Compiler       */
                           ^
../CORE\core_cm3.h(1208): error: unknown type name 'inline'
static __INLINE void __disable_fault_irq()        { __ASM volatile ("cpsid f"); }
       ^
../CORE\core_cm3.h(751): note: expanded from macro '__INLINE'
  #define __INLINE         inline                                     /*!< inline keyword for GNU Compiler       */
                           ^
../CORE\core_cm3.h(1210): error: unknown type name 'inline'
static __INLINE void __NOP()                      { __ASM volatile ("nop"); }
       ^
../CORE\core_cm3.h(751): note: expanded from macro '__INLINE'
  #define __INLINE         inline                                     /*!< inline keyword for GNU Compiler       */
                           ^
../CORE\core_cm3.h(1211): error: unknown type name 'inline'
static __INLINE void __WFI()                      { __ASM volatile ("wfi"); }
       ^
../CORE\core_cm3.h(751): note: expanded from macro '__INLINE'
  #define __INLINE         inline                                     /*!< inline keyword for GNU Compiler       */
                           ^
../CORE\core_cm3.h(1212): error: unknown type name 'inline'
static __INLINE void __WFE()                      { __ASM volatile ("wfe"); }
       ^
../CORE\core_cm3.h(751): note: expanded from macro '__INLINE'
  #define __INLINE         inline                                     /*!< inline keyword for GNU Compiler       */
                           ^
../CORE\core_cm3.h(1213): error: unknown type name 'inline'
static __INLINE void __SEV()                      { __ASM volatile ("sev"); }
       ^
../CORE\core_cm3.h(751): note: expanded from macro '__INLINE'
  #define __INLINE         inline                                     /*!< inline keyword for GNU Compiler       */
                           ^
../CORE\core_cm3.h(1214): error: unknown type name 'inline'
static __INLINE void __ISB()                      { __ASM volatile ("isb"); }
       ^
../CORE\core_cm3.h(751): note: expanded from macro '__INLINE'
  #define __INLINE         inline                                     /*!< inline keyword for GNU Compiler       */
                           ^
../CORE\core_cm3.h(1215): error: unknown type name 'inline'
static __INLINE void __DSB()                      { __ASM volatile ("dsb"); }
       ^
../CORE\core_cm3.h(751): note: expanded from macro '__INLINE'
  #define __INLINE         inline                                     /*!< inline keyword for GNU Compiler       */
                           ^
../CORE\core_cm3.h(1216): error: unknown type name 'inline'
static __INLINE void __DMB()                      { __ASM volatile ("dmb"); }
       ^
../CORE\core_cm3.h(751): note: expanded from macro '__INLINE'
  #define __INLINE         inline                                     /*!< inline keyword for GNU Compiler       */
                           ^
../CORE\core_cm3.h(1217): error: unknown type name 'inline'
static __INLINE void __CLREX()                    { __ASM volatile ("clrex"); }
       ^
../CORE\core_cm3.h(751): note: expanded from macro '__INLINE'
  #define __INLINE         inline                                     /*!< inline keyword for GNU Compiler       */
                           ^
../CORE\core_cm3.h(1468): error: unknown type name 'inline'
static __INLINE void NVIC_SetPriorityGrouping(uint32_t PriorityGroup)
       ^
../CORE\core_cm3.h(751): note: expanded from macro '__INLINE'
  #define __INLINE         inline                                     /*!< inline keyword for GNU Compiler       */
                           ^
../CORE\core_cm3.h(1489): error: unknown type name 'inline'
static __INLINE uint32_t NVIC_GetPriorityGrouping(void)
       ^
../CORE\core_cm3.h(751): note: expanded from macro '__INLINE'
  #define __INLINE         inline                                     /*!< inline keyword for GNU Compiler       */
                           ^
../CORE\core_cm3.h(1489): error: expected ';' after top level declarator
static __INLINE uint32_t NVIC_GetPriorityGrouping(void)
                        ^
                        ;
../CORE\core_cm3.h(1756): error: unknown type name 'inline'
static __INLINE uint32_t ITM_SendChar (uint32_t ch)
       ^
../CORE\core_cm3.h(751): note: expanded from macro '__INLINE'
  #define __INLINE         inline                                     /*!< inline keyword for GNU Compiler       */
                           ^
../CORE\core_cm3.h(1756): error: expected ';' after top level declarator
static __INLINE uint32_t ITM_SendChar (uint32_t ch)
                        ^
                        ;
17 errors generated.
compiling stm32f10x_rcc.c...
../STM32F10x_FWLib/src/stm32f10x_rtc.c(23): warning: In file included from...
../STM32F10x_FWLib/inc\stm32f10x_rtc.h(32): warning: In file included from...
../USER\stm32f10x.h(478): warning: In file included from...
../CORE\core_cm3.h(1204): error: unknown type name 'inline'
static __INLINE void __enable_irq()               { __ASM volatile ("cpsie i"); }
       ^
../CORE\core_cm3.h(751): note: expanded from macro '__INLINE'
  #define __INLINE         inline                                     /*!< inline keyword for GNU Compiler       */
                           ^
../CORE\core_cm3.h(1205): error: unknown type name 'inline'
static __INLINE void __disable_irq()              { __ASM volatile ("cpsid i"); }
       ^
../CORE\core_cm3.h(751): note: expanded from macro '__INLINE'
  #define __INLINE         inline                                     /*!< inline keyword for GNU Compiler       */
                           ^
../CORE\core_cm3.h(1207): error: unknown type name 'inline'
static __INLINE void __enable_fault_irq()         { __ASM volatile ("cpsie f"); }
       ^
../CORE\core_cm3.h(751): note: expanded from macro '__INLINE'
  #define __INLINE         inline                                     /*!< inline keyword for GNU Compiler       */
                           ^
../CORE\core_cm3.h(1208): error: unknown type name 'inline'
static __INLINE void __disable_fault_irq()        { __ASM volatile ("cpsid f"); }
       ^
../CORE\core_cm3.h(751): note: expanded from macro '__INLINE'
  #define __INLINE         inline                                     /*!< inline keyword for GNU Compiler       */
                           ^
../CORE\core_cm3.h(1210): error: unknown type name 'inline'
static __INLINE void __NOP()                      { __ASM volatile ("nop"); }
       ^
../CORE\core_cm3.h(751): note: expanded from macro '__INLINE'
  #define __INLINE         inline                                     /*!< inline keyword for GNU Compiler       */
                           ^
../CORE\core_cm3.h(1211): error: unknown type name 'inline'
static __INLINE void __WFI()                      { __ASM volatile ("wfi"); }
       ^
../CORE\core_cm3.h(751): note: expanded from macro '__INLINE'
  #define __INLINE         inline                                     /*!< inline keyword for GNU Compiler       */
                           ^
../CORE\core_cm3.h(1212): error: unknown type name 'inline'
static __INLINE void __WFE()                      { __ASM volatile ("wfe"); }
       ^
../CORE\core_cm3.h(751): note: expanded from macro '__INLINE'
  #define __INLINE         inline                                     /*!< inline keyword for GNU Compiler       */
                           ^
../CORE\core_cm3.h(1213): error: unknown type name 'inline'
static __INLINE void __SEV()                      { __ASM volatile ("sev"); }
       ^
../CORE\core_cm3.h(751): note: expanded from macro '__INLINE'
  #define __INLINE         inline                                     /*!< inline keyword for GNU Compiler       */
                           ^
../CORE\core_cm3.h(1214): error: unknown type name 'inline'
static __INLINE void __ISB()                      { __ASM volatile ("isb"); }
       ^
../CORE\core_cm3.h(751): note: expanded from macro '__INLINE'
  #define __INLINE         inline                                     /*!< inline keyword for GNU Compiler       */
                           ^
../CORE\core_cm3.h(1215): error: unknown type name 'inline'
static __INLINE void __DSB()                      { __ASM volatile ("dsb"); }
       ^
../CORE\core_cm3.h(751): note: expanded from macro '__INLINE'
  #define __INLINE         inline                                     /*!< inline keyword for GNU Compiler       */
                           ^
../CORE\core_cm3.h(1216): error: unknown type name 'inline'
static __INLINE void __DMB()                      { __ASM volatile ("dmb"); }
       ^
../CORE\core_cm3.h(751): note: expanded from macro '__INLINE'
  #define __INLINE         inline                                     /*!< inline keyword for GNU Compiler       */
                           ^
../CORE\core_cm3.h(1217): error: unknown type name 'inline'
static __INLINE void __CLREX()                    { __ASM volatile ("clrex"); }
       ^
../CORE\core_cm3.h(751): note: expanded from macro '__INLINE'
  #define __INLINE         inline                                     /*!< inline keyword for GNU Compiler       */
                           ^
../CORE\core_cm3.h(1468): error: unknown type name 'inline'
static __INLINE void NVIC_SetPriorityGrouping(uint32_t PriorityGroup)
       ^
../CORE\core_cm3.h(751): note: expanded from macro '__INLINE'
  #define __INLINE         inline                                     /*!< inline keyword for GNU Compiler       */
                           ^
../CORE\core_cm3.h(1489): error: unknown type name 'inline'
static __INLINE uint32_t NVIC_GetPriorityGrouping(void)
       ^
../CORE\core_cm3.h(751): note: expanded from macro '__INLINE'
  #define __INLINE         inline                                     /*!< inline keyword for GNU Compiler       */
                           ^
../CORE\core_cm3.h(1489): error: expected ';' after top level declarator
static __INLINE uint32_t NVIC_GetPriorityGrouping(void)
                        ^
                        ;
../CORE\core_cm3.h(1756): error: unknown type name 'inline'
static __INLINE uint32_t ITM_SendChar (uint32_t ch)
       ^
../CORE\core_cm3.h(751): note: expanded from macro '__INLINE'
  #define __INLINE         inline                                     /*!< inline keyword for GNU Compiler       */
                           ^
../CORE\core_cm3.h(1756): error: expected ';' after top level declarator
static __INLINE uint32_t ITM_SendChar (uint32_t ch)
                        ^
                        ;
17 errors generated.
compiling stm32f10x_rtc.c...
../STM32F10x_FWLib/src/stm32f10x_sdio.c(23): warning: In file included from...
../STM32F10x_FWLib/inc\stm32f10x_sdio.h(32): warning: In file included from...
../USER\stm32f10x.h(478): warning: In file included from...
../CORE\core_cm3.h(1204): error: unknown type name 'inline'
static __INLINE void __enable_irq()               { __ASM volatile ("cpsie i"); }
       ^
../CORE\core_cm3.h(751): note: expanded from macro '__INLINE'
  #define __INLINE         inline                                     /*!< inline keyword for GNU Compiler       */
                           ^
../CORE\core_cm3.h(1205): error: unknown type name 'inline'
static __INLINE void __disable_irq()              { __ASM volatile ("cpsid i"); }
       ^
../CORE\core_cm3.h(751): note: expanded from macro '__INLINE'
  #define __INLINE         inline                                     /*!< inline keyword for GNU Compiler       */
                           ^
../CORE\core_cm3.h(1207): error: unknown type name 'inline'
static __INLINE void __enable_fault_irq()         { __ASM volatile ("cpsie f"); }
       ^
../CORE\core_cm3.h(751): note: expanded from macro '__INLINE'
  #define __INLINE         inline                                     /*!< inline keyword for GNU Compiler       */
                           ^
../CORE\core_cm3.h(1208): error: unknown type name 'inline'
static __INLINE void __disable_fault_irq()        { __ASM volatile ("cpsid f"); }
       ^
../CORE\core_cm3.h(751): note: expanded from macro '__INLINE'
  #define __INLINE         inline                                     /*!< inline keyword for GNU Compiler       */
                           ^
../CORE\core_cm3.h(1210): error: unknown type name 'inline'
static __INLINE void __NOP()                      { __ASM volatile ("nop"); }
       ^
../CORE\core_cm3.h(751): note: expanded from macro '__INLINE'
  #define __INLINE         inline                                     /*!< inline keyword for GNU Compiler       */
                           ^
../CORE\core_cm3.h(1211): error: unknown type name 'inline'
static __INLINE void __WFI()                      { __ASM volatile ("wfi"); }
       ^
../CORE\core_cm3.h(751): note: expanded from macro '__INLINE'
  #define __INLINE         inline                                     /*!< inline keyword for GNU Compiler       */
                           ^
../CORE\core_cm3.h(1212): error: unknown type name 'inline'
static __INLINE void __WFE()                      { __ASM volatile ("wfe"); }
       ^
../CORE\core_cm3.h(751): note: expanded from macro '__INLINE'
  #define __INLINE         inline                                     /*!< inline keyword for GNU Compiler       */
                           ^
../CORE\core_cm3.h(1213): error: unknown type name 'inline'
static __INLINE void __SEV()                      { __ASM volatile ("sev"); }
       ^
../CORE\core_cm3.h(751): note: expanded from macro '__INLINE'
  #define __INLINE         inline                                     /*!< inline keyword for GNU Compiler       */
                           ^
../CORE\core_cm3.h(1214): error: unknown type name 'inline'
static __INLINE void __ISB()                      { __ASM volatile ("isb"); }
       ^
../CORE\core_cm3.h(751): note: expanded from macro '__INLINE'
  #define __INLINE         inline                                     /*!< inline keyword for GNU Compiler       */
                           ^
../CORE\core_cm3.h(1215): error: unknown type name 'inline'
static __INLINE void __DSB()                      { __ASM volatile ("dsb"); }
       ^
../CORE\core_cm3.h(751): note: expanded from macro '__INLINE'
  #define __INLINE         inline                                     /*!< inline keyword for GNU Compiler       */
                           ^
../CORE\core_cm3.h(1216): error: unknown type name 'inline'
static __INLINE void __DMB()                      { __ASM volatile ("dmb"); }
       ^
../CORE\core_cm3.h(751): note: expanded from macro '__INLINE'
  #define __INLINE         inline                                     /*!< inline keyword for GNU Compiler       */
                           ^
../CORE\core_cm3.h(1217): error: unknown type name 'inline'
static __INLINE void __CLREX()                    { __ASM volatile ("clrex"); }
       ^
../CORE\core_cm3.h(751): note: expanded from macro '__INLINE'
  #define __INLINE         inline                                     /*!< inline keyword for GNU Compiler       */
                           ^
../CORE\core_cm3.h(1468): error: unknown type name 'inline'
static __INLINE void NVIC_SetPriorityGrouping(uint32_t PriorityGroup)
       ^
../CORE\core_cm3.h(751): note: expanded from macro '__INLINE'
  #define __INLINE         inline                                     /*!< inline keyword for GNU Compiler       */
                           ^
../CORE\core_cm3.h(1489): error: unknown type name 'inline'
static __INLINE uint32_t NVIC_GetPriorityGrouping(void)
       ^
../CORE\core_cm3.h(751): note: expanded from macro '__INLINE'
  #define __INLINE         inline                                     /*!< inline keyword for GNU Compiler       */
                           ^
../CORE\core_cm3.h(1489): error: expected ';' after top level declarator
static __INLINE uint32_t NVIC_GetPriorityGrouping(void)
                        ^
                        ;
../CORE\core_cm3.h(1756): error: unknown type name 'inline'
static __INLINE uint32_t ITM_SendChar (uint32_t ch)
       ^
../CORE\core_cm3.h(751): note: expanded from macro '__INLINE'
  #define __INLINE         inline                                     /*!< inline keyword for GNU Compiler       */
                           ^
../CORE\core_cm3.h(1756): error: expected ';' after top level declarator
static __INLINE uint32_t ITM_SendChar (uint32_t ch)
                        ^
                        ;
17 errors generated.
compiling stm32f10x_sdio.c...
../STM32F10x_FWLib/src/stm32f10x_spi.c(23): warning: In file included from...
../STM32F10x_FWLib/inc\stm32f10x_spi.h(32): warning: In file included from...
../USER\stm32f10x.h(478): warning: In file included from...
../CORE\core_cm3.h(1204): error: unknown type name 'inline'
static __INLINE void __enable_irq()               { __ASM volatile ("cpsie i"); }
       ^
../CORE\core_cm3.h(751): note: expanded from macro '__INLINE'
  #define __INLINE         inline                                     /*!< inline keyword for GNU Compiler       */
                           ^
../CORE\core_cm3.h(1205): error: unknown type name 'inline'
static __INLINE void __disable_irq()              { __ASM volatile ("cpsid i"); }
       ^
../CORE\core_cm3.h(751): note: expanded from macro '__INLINE'
  #define __INLINE         inline                                     /*!< inline keyword for GNU Compiler       */
                           ^
../CORE\core_cm3.h(1207): error: unknown type name 'inline'
static __INLINE void __enable_fault_irq()         { __ASM volatile ("cpsie f"); }
       ^
../CORE\core_cm3.h(751): note: expanded from macro '__INLINE'
  #define __INLINE         inline                                     /*!< inline keyword for GNU Compiler       */
                           ^
../CORE\core_cm3.h(1208): error: unknown type name 'inline'
static __INLINE void __disable_fault_irq()        { __ASM volatile ("cpsid f"); }
       ^
../CORE\core_cm3.h(751): note: expanded from macro '__INLINE'
  #define __INLINE         inline                                     /*!< inline keyword for GNU Compiler       */
                           ^
../CORE\core_cm3.h(1210): error: unknown type name 'inline'
static __INLINE void __NOP()                      { __ASM volatile ("nop"); }
       ^
../CORE\core_cm3.h(751): note: expanded from macro '__INLINE'
  #define __INLINE         inline                                     /*!< inline keyword for GNU Compiler       */
                           ^
../CORE\core_cm3.h(1211): error: unknown type name 'inline'
static __INLINE void __WFI()                      { __ASM volatile ("wfi"); }
       ^
../CORE\core_cm3.h(751): note: expanded from macro '__INLINE'
  #define __INLINE         inline                                     /*!< inline keyword for GNU Compiler       */
                           ^
../CORE\core_cm3.h(1212): error: unknown type name 'inline'
static __INLINE void __WFE()                      { __ASM volatile ("wfe"); }
       ^
../CORE\core_cm3.h(751): note: expanded from macro '__INLINE'
  #define __INLINE         inline                                     /*!< inline keyword for GNU Compiler       */
                           ^
../CORE\core_cm3.h(1213): error: unknown type name 'inline'
static __INLINE void __SEV()                      { __ASM volatile ("sev"); }
       ^
../CORE\core_cm3.h(751): note: expanded from macro '__INLINE'
  #define __INLINE         inline                                     /*!< inline keyword for GNU Compiler       */
                           ^
../CORE\core_cm3.h(1214): error: unknown type name 'inline'
static __INLINE void __ISB()                      { __ASM volatile ("isb"); }
       ^
../CORE\core_cm3.h(751): note: expanded from macro '__INLINE'
  #define __INLINE         inline                                     /*!< inline keyword for GNU Compiler       */
                           ^
../CORE\core_cm3.h(1215): error: unknown type name 'inline'
static __INLINE void __DSB()                      { __ASM volatile ("dsb"); }
       ^
../CORE\core_cm3.h(751): note: expanded from macro '__INLINE'
  #define __INLINE         inline                                     /*!< inline keyword for GNU Compiler       */
                           ^
../CORE\core_cm3.h(1216): error: unknown type name 'inline'
static __INLINE void __DMB()                      { __ASM volatile ("dmb"); }
       ^
../CORE\core_cm3.h(751): note: expanded from macro '__INLINE'
  #define __INLINE         inline                                     /*!< inline keyword for GNU Compiler       */
                           ^
../CORE\core_cm3.h(1217): error: unknown type name 'inline'
static __INLINE void __CLREX()                    { __ASM volatile ("clrex"); }
       ^
../CORE\core_cm3.h(751): note: expanded from macro '__INLINE'
  #define __INLINE         inline                                     /*!< inline keyword for GNU Compiler       */
                           ^
../CORE\core_cm3.h(1468): error: unknown type name 'inline'
static __INLINE void NVIC_SetPriorityGrouping(uint32_t PriorityGroup)
       ^
../CORE\core_cm3.h(751): note: expanded from macro '__INLINE'
  #define __INLINE         inline                                     /*!< inline keyword for GNU Compiler       */
                           ^
../CORE\core_cm3.h(1489): error: unknown type name 'inline'
static __INLINE uint32_t NVIC_GetPriorityGrouping(void)
       ^
../CORE\core_cm3.h(751): note: expanded from macro '__INLINE'
  #define __INLINE         inline                                     /*!< inline keyword for GNU Compiler       */
                           ^
../CORE\core_cm3.h(1489): error: expected ';' after top level declarator
static __INLINE uint32_t NVIC_GetPriorityGrouping(void)
                        ^
                        ;
../CORE\core_cm3.h(1756): error: unknown type name 'inline'
static __INLINE uint32_t ITM_SendChar (uint32_t ch)
       ^
../CORE\core_cm3.h(751): note: expanded from macro '__INLINE'
  #define __INLINE         inline                                     /*!< inline keyword for GNU Compiler       */
                           ^
../CORE\core_cm3.h(1756): error: expected ';' after top level declarator
static __INLINE uint32_t ITM_SendChar (uint32_t ch)
                        ^
                        ;
17 errors generated.
compiling stm32f10x_spi.c...
../STM32F10x_FWLib/src/stm32f10x_tim.c(23): warning: In file included from...
../STM32F10x_FWLib/inc\stm32f10x_tim.h(32): warning: In file included from...
../USER\stm32f10x.h(478): warning: In file included from...
../CORE\core_cm3.h(1204): error: unknown type name 'inline'
static __INLINE void __enable_irq()               { __ASM volatile ("cpsie i"); }
       ^
../CORE\core_cm3.h(751): note: expanded from macro '__INLINE'
  #define __INLINE         inline                                     /*!< inline keyword for GNU Compiler       */
                           ^
../CORE\core_cm3.h(1205): error: unknown type name 'inline'
static __INLINE void __disable_irq()              { __ASM volatile ("cpsid i"); }
       ^
../CORE\core_cm3.h(751): note: expanded from macro '__INLINE'
  #define __INLINE         inline                                     /*!< inline keyword for GNU Compiler       */
                           ^
../CORE\core_cm3.h(1207): error: unknown type name 'inline'
static __INLINE void __enable_fault_irq()         { __ASM volatile ("cpsie f"); }
       ^
../CORE\core_cm3.h(751): note: expanded from macro '__INLINE'
  #define __INLINE         inline                                     /*!< inline keyword for GNU Compiler       */
                           ^
../CORE\core_cm3.h(1208): error: unknown type name 'inline'
static __INLINE void __disable_fault_irq()        { __ASM volatile ("cpsid f"); }
       ^
../CORE\core_cm3.h(751): note: expanded from macro '__INLINE'
  #define __INLINE         inline                                     /*!< inline keyword for GNU Compiler       */
                           ^
../CORE\core_cm3.h(1210): error: unknown type name 'inline'
static __INLINE void __NOP()                      { __ASM volatile ("nop"); }
       ^
../CORE\core_cm3.h(751): note: expanded from macro '__INLINE'
  #define __INLINE         inline                                     /*!< inline keyword for GNU Compiler       */
                           ^
../CORE\core_cm3.h(1211): error: unknown type name 'inline'
static __INLINE void __WFI()                      { __ASM volatile ("wfi"); }
       ^
../CORE\core_cm3.h(751): note: expanded from macro '__INLINE'
  #define __INLINE         inline                                     /*!< inline keyword for GNU Compiler       */
                           ^
../CORE\core_cm3.h(1212): error: unknown type name 'inline'
static __INLINE void __WFE()                      { __ASM volatile ("wfe"); }
       ^
../CORE\core_cm3.h(751): note: expanded from macro '__INLINE'
  #define __INLINE         inline                                     /*!< inline keyword for GNU Compiler       */
                           ^
../CORE\core_cm3.h(1213): error: unknown type name 'inline'
static __INLINE void __SEV()                      { __ASM volatile ("sev"); }
       ^
../CORE\core_cm3.h(751): note: expanded from macro '__INLINE'
  #define __INLINE         inline                                     /*!< inline keyword for GNU Compiler       */
                           ^
../CORE\core_cm3.h(1214): error: unknown type name 'inline'
static __INLINE void __ISB()                      { __ASM volatile ("isb"); }
       ^
../CORE\core_cm3.h(751): note: expanded from macro '__INLINE'
  #define __INLINE         inline                                     /*!< inline keyword for GNU Compiler       */
                           ^
../CORE\core_cm3.h(1215): error: unknown type name 'inline'
static __INLINE void __DSB()                      { __ASM volatile ("dsb"); }
       ^
../CORE\core_cm3.h(751): note: expanded from macro '__INLINE'
  #define __INLINE         inline                                     /*!< inline keyword for GNU Compiler       */
                           ^
../CORE\core_cm3.h(1216): error: unknown type name 'inline'
static __INLINE void __DMB()                      { __ASM volatile ("dmb"); }
       ^
../CORE\core_cm3.h(751): note: expanded from macro '__INLINE'
  #define __INLINE         inline                                     /*!< inline keyword for GNU Compiler       */
                           ^
../CORE\core_cm3.h(1217): error: unknown type name 'inline'
static __INLINE void __CLREX()                    { __ASM volatile ("clrex"); }
       ^
../CORE\core_cm3.h(751): note: expanded from macro '__INLINE'
  #define __INLINE         inline                                     /*!< inline keyword for GNU Compiler       */
                           ^
../CORE\core_cm3.h(1468): error: unknown type name 'inline'
static __INLINE void NVIC_SetPriorityGrouping(uint32_t PriorityGroup)
       ^
../CORE\core_cm3.h(751): note: expanded from macro '__INLINE'
  #define __INLINE         inline                                     /*!< inline keyword for GNU Compiler       */
                           ^
../CORE\core_cm3.h(1489): error: unknown type name 'inline'
static __INLINE uint32_t NVIC_GetPriorityGrouping(void)
       ^
../CORE\core_cm3.h(751): note: expanded from macro '__INLINE'
  #define __INLINE         inline                                     /*!< inline keyword for GNU Compiler       */
                           ^
../CORE\core_cm3.h(1489): error: expected ';' after top level declarator
static __INLINE uint32_t NVIC_GetPriorityGrouping(void)
                        ^
                        ;
../CORE\core_cm3.h(1756): error: unknown type name 'inline'
static __INLINE uint32_t ITM_SendChar (uint32_t ch)
       ^
../CORE\core_cm3.h(751): note: expanded from macro '__INLINE'
  #define __INLINE         inline                                     /*!< inline keyword for GNU Compiler       */
                           ^
../CORE\core_cm3.h(1756): error: expected ';' after top level declarator
static __INLINE uint32_t ITM_SendChar (uint32_t ch)
                        ^
                        ;
17 errors generated.
compiling stm32f10x_tim.c...
../STM32F10x_FWLib/src/stm32f10x_usart.c(23): warning: In file included from...
../STM32F10x_FWLib/inc\stm32f10x_usart.h(32): warning: In file included from...
../USER\stm32f10x.h(478): warning: In file included from...
../CORE\core_cm3.h(1204): error: unknown type name 'inline'
static __INLINE void __enable_irq()               { __ASM volatile ("cpsie i"); }
       ^
../CORE\core_cm3.h(751): note: expanded from macro '__INLINE'
  #define __INLINE         inline                                     /*!< inline keyword for GNU Compiler       */
                           ^
../CORE\core_cm3.h(1205): error: unknown type name 'inline'
static __INLINE void __disable_irq()              { __ASM volatile ("cpsid i"); }
       ^
../CORE\core_cm3.h(751): note: expanded from macro '__INLINE'
  #define __INLINE         inline                                     /*!< inline keyword for GNU Compiler       */
                           ^
../CORE\core_cm3.h(1207): error: unknown type name 'inline'
static __INLINE void __enable_fault_irq()         { __ASM volatile ("cpsie f"); }
       ^
../CORE\core_cm3.h(751): note: expanded from macro '__INLINE'
  #define __INLINE         inline                                     /*!< inline keyword for GNU Compiler       */
                           ^
../CORE\core_cm3.h(1208): error: unknown type name 'inline'
static __INLINE void __disable_fault_irq()        { __ASM volatile ("cpsid f"); }
       ^
../CORE\core_cm3.h(751): note: expanded from macro '__INLINE'
  #define __INLINE         inline                                     /*!< inline keyword for GNU Compiler       */
                           ^
../CORE\core_cm3.h(1210): error: unknown type name 'inline'
static __INLINE void __NOP()                      { __ASM volatile ("nop"); }
       ^
../CORE\core_cm3.h(751): note: expanded from macro '__INLINE'
  #define __INLINE         inline                                     /*!< inline keyword for GNU Compiler       */
                           ^
../CORE\core_cm3.h(1211): error: unknown type name 'inline'
static __INLINE void __WFI()                      { __ASM volatile ("wfi"); }
       ^
../CORE\core_cm3.h(751): note: expanded from macro '__INLINE'
  #define __INLINE         inline                                     /*!< inline keyword for GNU Compiler       */
                           ^
../CORE\core_cm3.h(1212): error: unknown type name 'inline'
static __INLINE void __WFE()                      { __ASM volatile ("wfe"); }
       ^
../CORE\core_cm3.h(751): note: expanded from macro '__INLINE'
  #define __INLINE         inline                                     /*!< inline keyword for GNU Compiler       */
                           ^
../CORE\core_cm3.h(1213): error: unknown type name 'inline'
static __INLINE void __SEV()                      { __ASM volatile ("sev"); }
       ^
../CORE\core_cm3.h(751): note: expanded from macro '__INLINE'
  #define __INLINE         inline                                     /*!< inline keyword for GNU Compiler       */
                           ^
../CORE\core_cm3.h(1214): error: unknown type name 'inline'
static __INLINE void __ISB()                      { __ASM volatile ("isb"); }
       ^
../CORE\core_cm3.h(751): note: expanded from macro '__INLINE'
  #define __INLINE         inline                                     /*!< inline keyword for GNU Compiler       */
                           ^
../CORE\core_cm3.h(1215): error: unknown type name 'inline'
static __INLINE void __DSB()                      { __ASM volatile ("dsb"); }
       ^
../CORE\core_cm3.h(751): note: expanded from macro '__INLINE'
  #define __INLINE         inline                                     /*!< inline keyword for GNU Compiler       */
                           ^
../CORE\core_cm3.h(1216): error: unknown type name 'inline'
static __INLINE void __DMB()                      { __ASM volatile ("dmb"); }
       ^
../CORE\core_cm3.h(751): note: expanded from macro '__INLINE'
  #define __INLINE         inline                                     /*!< inline keyword for GNU Compiler       */
                           ^
../CORE\core_cm3.h(1217): error: unknown type name 'inline'
static __INLINE void __CLREX()                    { __ASM volatile ("clrex"); }
       ^
../CORE\core_cm3.h(751): note: expanded from macro '__INLINE'
  #define __INLINE         inline                                     /*!< inline keyword for GNU Compiler       */
                           ^
../CORE\core_cm3.h(1468): error: unknown type name 'inline'
static __INLINE void NVIC_SetPriorityGrouping(uint32_t PriorityGroup)
       ^
../CORE\core_cm3.h(751): note: expanded from macro '__INLINE'
  #define __INLINE         inline                                     /*!< inline keyword for GNU Compiler       */
                           ^
../CORE\core_cm3.h(1489): error: unknown type name 'inline'
static __INLINE uint32_t NVIC_GetPriorityGrouping(void)
       ^
../CORE\core_cm3.h(751): note: expanded from macro '__INLINE'
  #define __INLINE         inline                                     /*!< inline keyword for GNU Compiler       */
                           ^
../CORE\core_cm3.h(1489): error: expected ';' after top level declarator
static __INLINE uint32_t NVIC_GetPriorityGrouping(void)
                        ^
                        ;
../CORE\core_cm3.h(1756): error: unknown type name 'inline'
static __INLINE uint32_t ITM_SendChar (uint32_t ch)
       ^
../CORE\core_cm3.h(751): note: expanded from macro '__INLINE'
  #define __INLINE         inline                                     /*!< inline keyword for GNU Compiler       */
                           ^
../CORE\core_cm3.h(1756): error: expected ';' after top level declarator
static __INLINE uint32_t ITM_SendChar (uint32_t ch)
                        ^
                        ;
17 errors generated.
compiling stm32f10x_usart.c...
../STM32F10x_FWLib/src/stm32f10x_wwdg.c(23): warning: In file included from...
../STM32F10x_FWLib/inc\stm32f10x_wwdg.h(32): warning: In file included from...
../USER\stm32f10x.h(478): warning: In file included from...
../CORE\core_cm3.h(1204): error: unknown type name 'inline'
static __INLINE void __enable_irq()               { __ASM volatile ("cpsie i"); }
       ^
../CORE\core_cm3.h(751): note: expanded from macro '__INLINE'
  #define __INLINE         inline                                     /*!< inline keyword for GNU Compiler       */
                           ^
../CORE\core_cm3.h(1205): error: unknown type name 'inline'
static __INLINE void __disable_irq()              { __ASM volatile ("cpsid i"); }
       ^
../CORE\core_cm3.h(751): note: expanded from macro '__INLINE'
  #define __INLINE         inline                                     /*!< inline keyword for GNU Compiler       */
                           ^
../CORE\core_cm3.h(1207): error: unknown type name 'inline'
static __INLINE void __enable_fault_irq()         { __ASM volatile ("cpsie f"); }
       ^
../CORE\core_cm3.h(751): note: expanded from macro '__INLINE'
  #define __INLINE         inline                                     /*!< inline keyword for GNU Compiler       */
                           ^
../CORE\core_cm3.h(1208): error: unknown type name 'inline'
static __INLINE void __disable_fault_irq()        { __ASM volatile ("cpsid f"); }
       ^
../CORE\core_cm3.h(751): note: expanded from macro '__INLINE'
  #define __INLINE         inline                                     /*!< inline keyword for GNU Compiler       */
                           ^
../CORE\core_cm3.h(1210): error: unknown type name 'inline'
static __INLINE void __NOP()                      { __ASM volatile ("nop"); }
       ^
../CORE\core_cm3.h(751): note: expanded from macro '__INLINE'
  #define __INLINE         inline                                     /*!< inline keyword for GNU Compiler       */
                           ^
../CORE\core_cm3.h(1211): error: unknown type name 'inline'
static __INLINE void __WFI()                      { __ASM volatile ("wfi"); }
       ^
../CORE\core_cm3.h(751): note: expanded from macro '__INLINE'
  #define __INLINE         inline                                     /*!< inline keyword for GNU Compiler       */
                           ^
../CORE\core_cm3.h(1212): error: unknown type name 'inline'
static __INLINE void __WFE()                      { __ASM volatile ("wfe"); }
       ^
../CORE\core_cm3.h(751): note: expanded from macro '__INLINE'
  #define __INLINE         inline                                     /*!< inline keyword for GNU Compiler       */
                           ^
../CORE\core_cm3.h(1213): error: unknown type name 'inline'
static __INLINE void __SEV()                      { __ASM volatile ("sev"); }
       ^
../CORE\core_cm3.h(751): note: expanded from macro '__INLINE'
  #define __INLINE         inline                                     /*!< inline keyword for GNU Compiler       */
                           ^
../CORE\core_cm3.h(1214): error: unknown type name 'inline'
static __INLINE void __ISB()                      { __ASM volatile ("isb"); }
       ^
../CORE\core_cm3.h(751): note: expanded from macro '__INLINE'
  #define __INLINE         inline                                     /*!< inline keyword for GNU Compiler       */
                           ^
../CORE\core_cm3.h(1215): error: unknown type name 'inline'
static __INLINE void __DSB()                      { __ASM volatile ("dsb"); }
       ^
../CORE\core_cm3.h(751): note: expanded from macro '__INLINE'
  #define __INLINE         inline                                     /*!< inline keyword for GNU Compiler       */
                           ^
../CORE\core_cm3.h(1216): error: unknown type name 'inline'
static __INLINE void __DMB()                      { __ASM volatile ("dmb"); }
       ^
../CORE\core_cm3.h(751): note: expanded from macro '__INLINE'
  #define __INLINE         inline                                     /*!< inline keyword for GNU Compiler       */
                           ^
../CORE\core_cm3.h(1217): error: unknown type name 'inline'
static __INLINE void __CLREX()                    { __ASM volatile ("clrex"); }
       ^
../CORE\core_cm3.h(751): note: expanded from macro '__INLINE'
  #define __INLINE         inline                                     /*!< inline keyword for GNU Compiler       */
                           ^
../CORE\core_cm3.h(1468): error: unknown type name 'inline'
static __INLINE void NVIC_SetPriorityGrouping(uint32_t PriorityGroup)
       ^
../CORE\core_cm3.h(751): note: expanded from macro '__INLINE'
  #define __INLINE         inline                                     /*!< inline keyword for GNU Compiler       */
                           ^
../CORE\core_cm3.h(1489): error: unknown type name 'inline'
static __INLINE uint32_t NVIC_GetPriorityGrouping(void)
       ^
../CORE\core_cm3.h(751): note: expanded from macro '__INLINE'
  #define __INLINE         inline                                     /*!< inline keyword for GNU Compiler       */
                           ^
../CORE\core_cm3.h(1489): error: expected ';' after top level declarator
static __INLINE uint32_t NVIC_GetPriorityGrouping(void)
                        ^
                        ;
../CORE\core_cm3.h(1756): error: unknown type name 'inline'
static __INLINE uint32_t ITM_SendChar (uint32_t ch)
       ^
../CORE\core_cm3.h(751): note: expanded from macro '__INLINE'
  #define __INLINE         inline                                     /*!< inline keyword for GNU Compiler       */
                           ^
../CORE\core_cm3.h(1756): error: expected ';' after top level declarator
static __INLINE uint32_t ITM_SendChar (uint32_t ch)
                        ^
                        ;
17 errors generated.
compiling stm32f10x_wwdg.c...
../CORE/core_cm3.c(445): error: non-ASM statement in naked function is not supported
  uint32_t result=0;
  ^
../CORE/core_cm3.c(442): note: attribute is here
uint32_t __get_PSP(void) __attribute__( ( naked ) );
                                          ^
../CORE/core_cm3.c(465): error: parameter references not allowed in naked functions
                  "BX  lr     \n\t" : : "r" (topOfProcStack) );
                                             ^
../CORE/core_cm3.c(461): note: attribute is here
void __set_PSP(uint32_t topOfProcStack) __attribute__( ( naked ) );
                                                         ^
../CORE/core_cm3.c(479): error: non-ASM statement in naked function is not supported
  uint32_t result=0;
  ^
../CORE/core_cm3.c(476): note: attribute is here
uint32_t __get_MSP(void) __attribute__( ( naked ) );
                                          ^
../CORE/core_cm3.c(499): error: parameter references not allowed in naked functions
                  "BX  lr     \n\t" : : "r" (topOfMainStack) );
                                             ^
../CORE/core_cm3.c(495): note: attribute is here
void __set_MSP(uint32_t topOfMainStack) __attribute__( ( naked ) );
                                                         ^
4 errors generated.
compiling core_cm3.c...
assembling startup_stm32f10x_md.s...
../HARDWARE/LED/led.c(1): warning: In file included from...
../HARDWARE/LED/led.h(3): warning: In file included from...
../SYSTEM/sys\sys.h(3): warning: In file included from...
../USER\stm32f10x.h(478): warning: In file included from...
../CORE\core_cm3.h(1204): error: unknown type name 'inline'
static __INLINE void __enable_irq()               { __ASM volatile ("cpsie i"); }
       ^
../CORE\core_cm3.h(751): note: expanded from macro '__INLINE'
  #define __INLINE         inline                                     /*!< inline keyword for GNU Compiler       */
                           ^
../CORE\core_cm3.h(1205): error: unknown type name 'inline'
static __INLINE void __disable_irq()              { __ASM volatile ("cpsid i"); }
       ^
../CORE\core_cm3.h(751): note: expanded from macro '__INLINE'
  #define __INLINE         inline                                     /*!< inline keyword for GNU Compiler       */
                           ^
../CORE\core_cm3.h(1207): error: unknown type name 'inline'
static __INLINE void __enable_fault_irq()         { __ASM volatile ("cpsie f"); }
       ^
../CORE\core_cm3.h(751): note: expanded from macro '__INLINE'
  #define __INLINE         inline                                     /*!< inline keyword for GNU Compiler       */
                           ^
../CORE\core_cm3.h(1208): error: unknown type name 'inline'
static __INLINE void __disable_fault_irq()        { __ASM volatile ("cpsid f"); }
       ^
../CORE\core_cm3.h(751): note: expanded from macro '__INLINE'
  #define __INLINE         inline                                     /*!< inline keyword for GNU Compiler       */
                           ^
../CORE\core_cm3.h(1210): error: unknown type name 'inline'
static __INLINE void __NOP()                      { __ASM volatile ("nop"); }
       ^
../CORE\core_cm3.h(751): note: expanded from macro '__INLINE'
  #define __INLINE         inline                                     /*!< inline keyword for GNU Compiler       */
                           ^
../CORE\core_cm3.h(1211): error: unknown type name 'inline'
static __INLINE void __WFI()                      { __ASM volatile ("wfi"); }
       ^
../CORE\core_cm3.h(751): note: expanded from macro '__INLINE'
  #define __INLINE         inline                                     /*!< inline keyword for GNU Compiler       */
                           ^
../CORE\core_cm3.h(1212): error: unknown type name 'inline'
static __INLINE void __WFE()                      { __ASM volatile ("wfe"); }
       ^
../CORE\core_cm3.h(751): note: expanded from macro '__INLINE'
  #define __INLINE         inline                                     /*!< inline keyword for GNU Compiler       */
                           ^
../CORE\core_cm3.h(1213): error: unknown type name 'inline'
static __INLINE void __SEV()                      { __ASM volatile ("sev"); }
       ^
../CORE\core_cm3.h(751): note: expanded from macro '__INLINE'
  #define __INLINE         inline                                     /*!< inline keyword for GNU Compiler       */
                           ^
../CORE\core_cm3.h(1214): error: unknown type name 'inline'
static __INLINE void __ISB()                      { __ASM volatile ("isb"); }
       ^
../CORE\core_cm3.h(751): note: expanded from macro '__INLINE'
  #define __INLINE         inline                                     /*!< inline keyword for GNU Compiler       */
                           ^
../CORE\core_cm3.h(1215): error: unknown type name 'inline'
static __INLINE void __DSB()                      { __ASM volatile ("dsb"); }
       ^
../CORE\core_cm3.h(751): note: expanded from macro '__INLINE'
  #define __INLINE         inline                                     /*!< inline keyword for GNU Compiler       */
                           ^
../CORE\core_cm3.h(1216): error: unknown type name 'inline'
static __INLINE void __DMB()                      { __ASM volatile ("dmb"); }
       ^
../CORE\core_cm3.h(751): note: expanded from macro '__INLINE'
  #define __INLINE         inline                                     /*!< inline keyword for GNU Compiler       */
                           ^
../CORE\core_cm3.h(1217): error: unknown type name 'inline'
static __INLINE void __CLREX()                    { __ASM volatile ("clrex"); }
       ^
../CORE\core_cm3.h(751): note: expanded from macro '__INLINE'
  #define __INLINE         inline                                     /*!< inline keyword for GNU Compiler       */
                           ^
../CORE\core_cm3.h(1468): error: unknown type name 'inline'
static __INLINE void NVIC_SetPriorityGrouping(uint32_t PriorityGroup)
       ^
../CORE\core_cm3.h(751): note: expanded from macro '__INLINE'
  #define __INLINE         inline                                     /*!< inline keyword for GNU Compiler       */
                           ^
../CORE\core_cm3.h(1489): error: unknown type name 'inline'
static __INLINE uint32_t NVIC_GetPriorityGrouping(void)
       ^
../CORE\core_cm3.h(751): note: expanded from macro '__INLINE'
  #define __INLINE         inline                                     /*!< inline keyword for GNU Compiler       */
                           ^
../CORE\core_cm3.h(1489): error: expected ';' after top level declarator
static __INLINE uint32_t NVIC_GetPriorityGrouping(void)
                        ^
                        ;
../CORE\core_cm3.h(1756): error: unknown type name 'inline'
static __INLINE uint32_t ITM_SendChar (uint32_t ch)
       ^
../CORE\core_cm3.h(751): note: expanded from macro '__INLINE'
  #define __INLINE         inline                                     /*!< inline keyword for GNU Compiler       */
                           ^
../CORE\core_cm3.h(1756): error: expected ';' after top level declarator
static __INLINE uint32_t ITM_SendChar (uint32_t ch)
                        ^
                        ;
17 errors generated.
compiling led.c...
../HARDWARE/WDG/wdg.c(1): warning: In file included from...
../HARDWARE/WDG/wdg.h(3): warning: In file included from...
../SYSTEM/sys\sys.h(3): warning: In file included from...
../USER\stm32f10x.h(478): warning: In file included from...
../CORE\core_cm3.h(1204): error: unknown type name 'inline'
static __INLINE void __enable_irq()               { __ASM volatile ("cpsie i"); }
       ^
../CORE\core_cm3.h(751): note: expanded from macro '__INLINE'
  #define __INLINE         inline                                     /*!< inline keyword for GNU Compiler       */
                           ^
../CORE\core_cm3.h(1205): error: unknown type name 'inline'
static __INLINE void __disable_irq()              { __ASM volatile ("cpsid i"); }
       ^
../CORE\core_cm3.h(751): note: expanded from macro '__INLINE'
  #define __INLINE         inline                                     /*!< inline keyword for GNU Compiler       */
                           ^
../CORE\core_cm3.h(1207): error: unknown type name 'inline'
static __INLINE void __enable_fault_irq()         { __ASM volatile ("cpsie f"); }
       ^
../CORE\core_cm3.h(751): note: expanded from macro '__INLINE'
  #define __INLINE         inline                                     /*!< inline keyword for GNU Compiler       */
                           ^
../CORE\core_cm3.h(1208): error: unknown type name 'inline'
static __INLINE void __disable_fault_irq()        { __ASM volatile ("cpsid f"); }
       ^
../CORE\core_cm3.h(751): note: expanded from macro '__INLINE'
  #define __INLINE         inline                                     /*!< inline keyword for GNU Compiler       */
                           ^
../CORE\core_cm3.h(1210): error: unknown type name 'inline'
static __INLINE void __NOP()                      { __ASM volatile ("nop"); }
       ^
../CORE\core_cm3.h(751): note: expanded from macro '__INLINE'
  #define __INLINE         inline                                     /*!< inline keyword for GNU Compiler       */
                           ^
../CORE\core_cm3.h(1211): error: unknown type name 'inline'
static __INLINE void __WFI()                      { __ASM volatile ("wfi"); }
       ^
../CORE\core_cm3.h(751): note: expanded from macro '__INLINE'
  #define __INLINE         inline                                     /*!< inline keyword for GNU Compiler       */
                           ^
../CORE\core_cm3.h(1212): error: unknown type name 'inline'
static __INLINE void __WFE()                      { __ASM volatile ("wfe"); }
       ^
../CORE\core_cm3.h(751): note: expanded from macro '__INLINE'
  #define __INLINE         inline                                     /*!< inline keyword for GNU Compiler       */
                           ^
../CORE\core_cm3.h(1213): error: unknown type name 'inline'
static __INLINE void __SEV()                      { __ASM volatile ("sev"); }
       ^
../CORE\core_cm3.h(751): note: expanded from macro '__INLINE'
  #define __INLINE         inline                                     /*!< inline keyword for GNU Compiler       */
                           ^
../CORE\core_cm3.h(1214): error: unknown type name 'inline'
static __INLINE void __ISB()                      { __ASM volatile ("isb"); }
       ^
../CORE\core_cm3.h(751): note: expanded from macro '__INLINE'
  #define __INLINE         inline                                     /*!< inline keyword for GNU Compiler       */
                           ^
../CORE\core_cm3.h(1215): error: unknown type name 'inline'
static __INLINE void __DSB()                      { __ASM volatile ("dsb"); }
       ^
../CORE\core_cm3.h(751): note: expanded from macro '__INLINE'
  #define __INLINE         inline                                     /*!< inline keyword for GNU Compiler       */
                           ^
../CORE\core_cm3.h(1216): error: unknown type name 'inline'
static __INLINE void __DMB()                      { __ASM volatile ("dmb"); }
       ^
../CORE\core_cm3.h(751): note: expanded from macro '__INLINE'
  #define __INLINE         inline                                     /*!< inline keyword for GNU Compiler       */
                           ^
../CORE\core_cm3.h(1217): error: unknown type name 'inline'
static __INLINE void __CLREX()                    { __ASM volatile ("clrex"); }
       ^
../CORE\core_cm3.h(751): note: expanded from macro '__INLINE'
  #define __INLINE         inline                                     /*!< inline keyword for GNU Compiler       */
                           ^
../CORE\core_cm3.h(1468): error: unknown type name 'inline'
static __INLINE void NVIC_SetPriorityGrouping(uint32_t PriorityGroup)
       ^
../CORE\core_cm3.h(751): note: expanded from macro '__INLINE'
  #define __INLINE         inline                                     /*!< inline keyword for GNU Compiler       */
                           ^
../CORE\core_cm3.h(1489): error: unknown type name 'inline'
static __INLINE uint32_t NVIC_GetPriorityGrouping(void)
       ^
../CORE\core_cm3.h(751): note: expanded from macro '__INLINE'
  #define __INLINE         inline                                     /*!< inline keyword for GNU Compiler       */
                           ^
../CORE\core_cm3.h(1489): error: expected ';' after top level declarator
static __INLINE uint32_t NVIC_GetPriorityGrouping(void)
                        ^
                        ;
../CORE\core_cm3.h(1756): error: unknown type name 'inline'
static __INLINE uint32_t ITM_SendChar (uint32_t ch)
       ^
../CORE\core_cm3.h(751): note: expanded from macro '__INLINE'
  #define __INLINE         inline                                     /*!< inline keyword for GNU Compiler       */
                           ^
../CORE\core_cm3.h(1756): error: expected ';' after top level declarator
static __INLINE uint32_t ITM_SendChar (uint32_t ch)
                        ^
                        ;
17 errors generated.
compiling wdg.c...
../HARDWARE/TIMER/timer.c(1): warning: In file included from...
../HARDWARE/TIMER/timer.h(3): warning: In file included from...
../SYSTEM/sys\sys.h(3): warning: In file included from...
../USER\stm32f10x.h(478): warning: In file included from...
../CORE\core_cm3.h(1204): error: unknown type name 'inline'
static __INLINE void __enable_irq()               { __ASM volatile ("cpsie i"); }
       ^
../CORE\core_cm3.h(751): note: expanded from macro '__INLINE'
  #define __INLINE         inline                                     /*!< inline keyword for GNU Compiler       */
                           ^
../CORE\core_cm3.h(1205): error: unknown type name 'inline'
static __INLINE void __disable_irq()              { __ASM volatile ("cpsid i"); }
       ^
../CORE\core_cm3.h(751): note: expanded from macro '__INLINE'
  #define __INLINE         inline                                     /*!< inline keyword for GNU Compiler       */
                           ^
../CORE\core_cm3.h(1207): error: unknown type name 'inline'
static __INLINE void __enable_fault_irq()         { __ASM volatile ("cpsie f"); }
       ^
../CORE\core_cm3.h(751): note: expanded from macro '__INLINE'
  #define __INLINE         inline                                     /*!< inline keyword for GNU Compiler       */
                           ^
../CORE\core_cm3.h(1208): error: unknown type name 'inline'
static __INLINE void __disable_fault_irq()        { __ASM volatile ("cpsid f"); }
       ^
../CORE\core_cm3.h(751): note: expanded from macro '__INLINE'
  #define __INLINE         inline                                     /*!< inline keyword for GNU Compiler       */
                           ^
../CORE\core_cm3.h(1210): error: unknown type name 'inline'
static __INLINE void __NOP()                      { __ASM volatile ("nop"); }
       ^
../CORE\core_cm3.h(751): note: expanded from macro '__INLINE'
  #define __INLINE         inline                                     /*!< inline keyword for GNU Compiler       */
                           ^
../CORE\core_cm3.h(1211): error: unknown type name 'inline'
static __INLINE void __WFI()                      { __ASM volatile ("wfi"); }
       ^
../CORE\core_cm3.h(751): note: expanded from macro '__INLINE'
  #define __INLINE         inline                                     /*!< inline keyword for GNU Compiler       */
                           ^
../CORE\core_cm3.h(1212): error: unknown type name 'inline'
static __INLINE void __WFE()                      { __ASM volatile ("wfe"); }
       ^
../CORE\core_cm3.h(751): note: expanded from macro '__INLINE'
  #define __INLINE         inline                                     /*!< inline keyword for GNU Compiler       */
                           ^
../CORE\core_cm3.h(1213): error: unknown type name 'inline'
static __INLINE void __SEV()                      { __ASM volatile ("sev"); }
       ^
../CORE\core_cm3.h(751): note: expanded from macro '__INLINE'
  #define __INLINE         inline                                     /*!< inline keyword for GNU Compiler       */
                           ^
../CORE\core_cm3.h(1214): error: unknown type name 'inline'
static __INLINE void __ISB()                      { __ASM volatile ("isb"); }
       ^
../CORE\core_cm3.h(751): note: expanded from macro '__INLINE'
  #define __INLINE         inline                                     /*!< inline keyword for GNU Compiler       */
                           ^
../CORE\core_cm3.h(1215): error: unknown type name 'inline'
static __INLINE void __DSB()                      { __ASM volatile ("dsb"); }
       ^
../CORE\core_cm3.h(751): note: expanded from macro '__INLINE'
  #define __INLINE         inline                                     /*!< inline keyword for GNU Compiler       */
                           ^
../CORE\core_cm3.h(1216): error: unknown type name 'inline'
static __INLINE void __DMB()                      { __ASM volatile ("dmb"); }
       ^
../CORE\core_cm3.h(751): note: expanded from macro '__INLINE'
  #define __INLINE         inline                                     /*!< inline keyword for GNU Compiler       */
                           ^
../CORE\core_cm3.h(1217): error: unknown type name 'inline'
static __INLINE void __CLREX()                    { __ASM volatile ("clrex"); }
       ^
../CORE\core_cm3.h(751): note: expanded from macro '__INLINE'
  #define __INLINE         inline                                     /*!< inline keyword for GNU Compiler       */
                           ^
../CORE\core_cm3.h(1468): error: unknown type name 'inline'
static __INLINE void NVIC_SetPriorityGrouping(uint32_t PriorityGroup)
       ^
../CORE\core_cm3.h(751): note: expanded from macro '__INLINE'
  #define __INLINE         inline                                     /*!< inline keyword for GNU Compiler       */
                           ^
../CORE\core_cm3.h(1489): error: unknown type name 'inline'
static __INLINE uint32_t NVIC_GetPriorityGrouping(void)
       ^
../CORE\core_cm3.h(751): note: expanded from macro '__INLINE'
  #define __INLINE         inline                                     /*!< inline keyword for GNU Compiler       */
                           ^
../CORE\core_cm3.h(1489): error: expected ';' after top level declarator
static __INLINE uint32_t NVIC_GetPriorityGrouping(void)
                        ^
                        ;
../CORE\core_cm3.h(1756): error: unknown type name 'inline'
static __INLINE uint32_t ITM_SendChar (uint32_t ch)
       ^
../CORE\core_cm3.h(751): note: expanded from macro '__INLINE'
  #define __INLINE         inline                                     /*!< inline keyword for GNU Compiler       */
                           ^
../CORE\core_cm3.h(1756): error: expected ';' after top level declarator
static __INLINE uint32_t ITM_SendChar (uint32_t ch)
                        ^
                        ;
../HARDWARE/TIMER/timer.c(5): warning: non-portable path to file '"BC260Y.h"'; specified path differs in case from file name on disk [-Wnonportable-include-path]
#include "bc260y.h"
         ^~~~~~~~~~
         "BC260Y.h"
1 warning and 17 errors generated.
compiling timer.c...
../HARDWARE/DHT11/dht11.c(1): warning: In file included from...
../HARDWARE/DHT11/dht11.h(3): warning: In file included from...
../SYSTEM/sys\sys.h(3): warning: In file included from...
../USER\stm32f10x.h(478): warning: In file included from...
../CORE\core_cm3.h(1204): error: unknown type name 'inline'
static __INLINE void __enable_irq()               { __ASM volatile ("cpsie i"); }
       ^
../CORE\core_cm3.h(751): note: expanded from macro '__INLINE'
  #define __INLINE         inline                                     /*!< inline keyword for GNU Compiler       */
                           ^
../CORE\core_cm3.h(1205): error: unknown type name 'inline'
static __INLINE void __disable_irq()              { __ASM volatile ("cpsid i"); }
       ^
../CORE\core_cm3.h(751): note: expanded from macro '__INLINE'
  #define __INLINE         inline                                     /*!< inline keyword for GNU Compiler       */
                           ^
../CORE\core_cm3.h(1207): error: unknown type name 'inline'
static __INLINE void __enable_fault_irq()         { __ASM volatile ("cpsie f"); }
       ^
../CORE\core_cm3.h(751): note: expanded from macro '__INLINE'
  #define __INLINE         inline                                     /*!< inline keyword for GNU Compiler       */
                           ^
../CORE\core_cm3.h(1208): error: unknown type name 'inline'
static __INLINE void __disable_fault_irq()        { __ASM volatile ("cpsid f"); }
       ^
../CORE\core_cm3.h(751): note: expanded from macro '__INLINE'
  #define __INLINE         inline                                     /*!< inline keyword for GNU Compiler       */
                           ^
../CORE\core_cm3.h(1210): error: unknown type name 'inline'
static __INLINE void __NOP()                      { __ASM volatile ("nop"); }
       ^
../CORE\core_cm3.h(751): note: expanded from macro '__INLINE'
  #define __INLINE         inline                                     /*!< inline keyword for GNU Compiler       */
                           ^
../CORE\core_cm3.h(1211): error: unknown type name 'inline'
static __INLINE void __WFI()                      { __ASM volatile ("wfi"); }
       ^
../CORE\core_cm3.h(751): note: expanded from macro '__INLINE'
  #define __INLINE         inline                                     /*!< inline keyword for GNU Compiler       */
                           ^
../CORE\core_cm3.h(1212): error: unknown type name 'inline'
static __INLINE void __WFE()                      { __ASM volatile ("wfe"); }
       ^
../CORE\core_cm3.h(751): note: expanded from macro '__INLINE'
  #define __INLINE         inline                                     /*!< inline keyword for GNU Compiler       */
                           ^
../CORE\core_cm3.h(1213): error: unknown type name 'inline'
static __INLINE void __SEV()                      { __ASM volatile ("sev"); }
       ^
../CORE\core_cm3.h(751): note: expanded from macro '__INLINE'
  #define __INLINE         inline                                     /*!< inline keyword for GNU Compiler       */
                           ^
../CORE\core_cm3.h(1214): error: unknown type name 'inline'
static __INLINE void __ISB()                      { __ASM volatile ("isb"); }
       ^
../CORE\core_cm3.h(751): note: expanded from macro '__INLINE'
  #define __INLINE         inline                                     /*!< inline keyword for GNU Compiler       */
                           ^
../CORE\core_cm3.h(1215): error: unknown type name 'inline'
static __INLINE void __DSB()                      { __ASM volatile ("dsb"); }
       ^
../CORE\core_cm3.h(751): note: expanded from macro '__INLINE'
  #define __INLINE         inline                                     /*!< inline keyword for GNU Compiler       */
                           ^
../CORE\core_cm3.h(1216): error: unknown type name 'inline'
static __INLINE void __DMB()                      { __ASM volatile ("dmb"); }
       ^
../CORE\core_cm3.h(751): note: expanded from macro '__INLINE'
  #define __INLINE         inline                                     /*!< inline keyword for GNU Compiler       */
                           ^
../CORE\core_cm3.h(1217): error: unknown type name 'inline'
static __INLINE void __CLREX()                    { __ASM volatile ("clrex"); }
       ^
../CORE\core_cm3.h(751): note: expanded from macro '__INLINE'
  #define __INLINE         inline                                     /*!< inline keyword for GNU Compiler       */
                           ^
../CORE\core_cm3.h(1468): error: unknown type name 'inline'
static __INLINE void NVIC_SetPriorityGrouping(uint32_t PriorityGroup)
       ^
../CORE\core_cm3.h(751): note: expanded from macro '__INLINE'
  #define __INLINE         inline                                     /*!< inline keyword for GNU Compiler       */
                           ^
../CORE\core_cm3.h(1489): error: unknown type name 'inline'
static __INLINE uint32_t NVIC_GetPriorityGrouping(void)
       ^
../CORE\core_cm3.h(751): note: expanded from macro '__INLINE'
  #define __INLINE         inline                                     /*!< inline keyword for GNU Compiler       */
                           ^
../CORE\core_cm3.h(1489): error: expected ';' after top level declarator
static __INLINE uint32_t NVIC_GetPriorityGrouping(void)
                        ^
                        ;
../CORE\core_cm3.h(1756): error: unknown type name 'inline'
static __INLINE uint32_t ITM_SendChar (uint32_t ch)
       ^
../CORE\core_cm3.h(751): note: expanded from macro '__INLINE'
  #define __INLINE         inline                                     /*!< inline keyword for GNU Compiler       */
                           ^
../CORE\core_cm3.h(1756): error: expected ';' after top level declarator
static __INLINE uint32_t ITM_SendChar (uint32_t ch)
                        ^
                        ;
17 errors generated.
compiling dht11.c...
../HARDWARE/BC260Y/BC260Y.c(1): warning: non-portable path to file '"BC260Y.h"'; specified path differs in case from file name on disk [-Wnonportable-include-path]
#include "bc260y.h"
         ^~~~~~~~~~
         "BC260Y.h"
../HARDWARE/BC260Y/BC260Y.c(1): warning: In file included from...
../HARDWARE/BC260Y/bc260y.h(3): warning: In file included from...
../SYSTEM/usart\usart.h(4): warning: In file included from...
../SYSTEM/sys\sys.h(3): warning: In file included from...
../USER\stm32f10x.h(478): warning: In file included from...
../CORE\core_cm3.h(1204): error: unknown type name 'inline'
static __INLINE void __enable_irq()               { __ASM volatile ("cpsie i"); }
       ^
../CORE\core_cm3.h(751): note: expanded from macro '__INLINE'
  #define __INLINE         inline                                     /*!< inline keyword for GNU Compiler       */
                           ^
../CORE\core_cm3.h(1205): error: unknown type name 'inline'
static __INLINE void __disable_irq()              { __ASM volatile ("cpsid i"); }
       ^
../CORE\core_cm3.h(751): note: expanded from macro '__INLINE'
  #define __INLINE         inline                                     /*!< inline keyword for GNU Compiler       */
                           ^
../CORE\core_cm3.h(1207): error: unknown type name 'inline'
static __INLINE void __enable_fault_irq()         { __ASM volatile ("cpsie f"); }
       ^
../CORE\core_cm3.h(751): note: expanded from macro '__INLINE'
  #define __INLINE         inline                                     /*!< inline keyword for GNU Compiler       */
                           ^
../CORE\core_cm3.h(1208): error: unknown type name 'inline'
static __INLINE void __disable_fault_irq()        { __ASM volatile ("cpsid f"); }
       ^
../CORE\core_cm3.h(751): note: expanded from macro '__INLINE'
  #define __INLINE         inline                                     /*!< inline keyword for GNU Compiler       */
                           ^
../CORE\core_cm3.h(1210): error: unknown type name 'inline'
static __INLINE void __NOP()                      { __ASM volatile ("nop"); }
       ^
../CORE\core_cm3.h(751): note: expanded from macro '__INLINE'
  #define __INLINE         inline                                     /*!< inline keyword for GNU Compiler       */
                           ^
../CORE\core_cm3.h(1211): error: unknown type name 'inline'
static __INLINE void __WFI()                      { __ASM volatile ("wfi"); }
       ^
../CORE\core_cm3.h(751): note: expanded from macro '__INLINE'
  #define __INLINE         inline                                     /*!< inline keyword for GNU Compiler       */
                           ^
../CORE\core_cm3.h(1212): error: unknown type name 'inline'
static __INLINE void __WFE()                      { __ASM volatile ("wfe"); }
       ^
../CORE\core_cm3.h(751): note: expanded from macro '__INLINE'
  #define __INLINE         inline                                     /*!< inline keyword for GNU Compiler       */
                           ^
../CORE\core_cm3.h(1213): error: unknown type name 'inline'
static __INLINE void __SEV()                      { __ASM volatile ("sev"); }
       ^
../CORE\core_cm3.h(751): note: expanded from macro '__INLINE'
  #define __INLINE         inline                                     /*!< inline keyword for GNU Compiler       */
                           ^
../CORE\core_cm3.h(1214): error: unknown type name 'inline'
static __INLINE void __ISB()                      { __ASM volatile ("isb"); }
       ^
../CORE\core_cm3.h(751): note: expanded from macro '__INLINE'
  #define __INLINE         inline                                     /*!< inline keyword for GNU Compiler       */
                           ^
../CORE\core_cm3.h(1215): error: unknown type name 'inline'
static __INLINE void __DSB()                      { __ASM volatile ("dsb"); }
       ^
../CORE\core_cm3.h(751): note: expanded from macro '__INLINE'
  #define __INLINE         inline                                     /*!< inline keyword for GNU Compiler       */
                           ^
../CORE\core_cm3.h(1216): error: unknown type name 'inline'
static __INLINE void __DMB()                      { __ASM volatile ("dmb"); }
       ^
../CORE\core_cm3.h(751): note: expanded from macro '__INLINE'
  #define __INLINE         inline                                     /*!< inline keyword for GNU Compiler       */
                           ^
../CORE\core_cm3.h(1217): error: unknown type name 'inline'
static __INLINE void __CLREX()                    { __ASM volatile ("clrex"); }
       ^
../CORE\core_cm3.h(751): note: expanded from macro '__INLINE'
  #define __INLINE         inline                                     /*!< inline keyword for GNU Compiler       */
                           ^
../CORE\core_cm3.h(1468): error: unknown type name 'inline'
static __INLINE void NVIC_SetPriorityGrouping(uint32_t PriorityGroup)
       ^
../CORE\core_cm3.h(751): note: expanded from macro '__INLINE'
  #define __INLINE         inline                                     /*!< inline keyword for GNU Compiler       */
                           ^
../CORE\core_cm3.h(1489): error: unknown type name 'inline'
static __INLINE uint32_t NVIC_GetPriorityGrouping(void)
       ^
../CORE\core_cm3.h(751): note: expanded from macro '__INLINE'
  #define __INLINE         inline                                     /*!< inline keyword for GNU Compiler       */
                           ^
../CORE\core_cm3.h(1489): error: expected ';' after top level declarator
static __INLINE uint32_t NVIC_GetPriorityGrouping(void)
                        ^
                        ;
../CORE\core_cm3.h(1756): error: unknown type name 'inline'
static __INLINE uint32_t ITM_SendChar (uint32_t ch)
       ^
../CORE\core_cm3.h(751): note: expanded from macro '__INLINE'
  #define __INLINE         inline                                     /*!< inline keyword for GNU Compiler       */
                           ^
../CORE\core_cm3.h(1756): error: expected ';' after top level declarator
static __INLINE uint32_t ITM_SendChar (uint32_t ch)
                        ^
                        ;
1 warning and 17 errors generated.
compiling BC260Y.c...
../SYSTEM/delay/delay.c(1): warning: In file included from...
../SYSTEM/delay/delay.h(3): warning: In file included from...
../SYSTEM/sys\sys.h(3): warning: In file included from...
../USER\stm32f10x.h(478): warning: In file included from...
../CORE\core_cm3.h(1204): error: unknown type name 'inline'
static __INLINE void __enable_irq()               { __ASM volatile ("cpsie i"); }
       ^
../CORE\core_cm3.h(751): note: expanded from macro '__INLINE'
  #define __INLINE         inline                                     /*!< inline keyword for GNU Compiler       */
                           ^
../CORE\core_cm3.h(1205): error: unknown type name 'inline'
static __INLINE void __disable_irq()              { __ASM volatile ("cpsid i"); }
       ^
../CORE\core_cm3.h(751): note: expanded from macro '__INLINE'
  #define __INLINE         inline                                     /*!< inline keyword for GNU Compiler       */
                           ^
../CORE\core_cm3.h(1207): error: unknown type name 'inline'
static __INLINE void __enable_fault_irq()         { __ASM volatile ("cpsie f"); }
       ^
../CORE\core_cm3.h(751): note: expanded from macro '__INLINE'
  #define __INLINE         inline                                     /*!< inline keyword for GNU Compiler       */
                           ^
../CORE\core_cm3.h(1208): error: unknown type name 'inline'
static __INLINE void __disable_fault_irq()        { __ASM volatile ("cpsid f"); }
       ^
../CORE\core_cm3.h(751): note: expanded from macro '__INLINE'
  #define __INLINE         inline                                     /*!< inline keyword for GNU Compiler       */
                           ^
../CORE\core_cm3.h(1210): error: unknown type name 'inline'
static __INLINE void __NOP()                      { __ASM volatile ("nop"); }
       ^
../CORE\core_cm3.h(751): note: expanded from macro '__INLINE'
  #define __INLINE         inline                                     /*!< inline keyword for GNU Compiler       */
                           ^
../CORE\core_cm3.h(1211): error: unknown type name 'inline'
static __INLINE void __WFI()                      { __ASM volatile ("wfi"); }
       ^
../CORE\core_cm3.h(751): note: expanded from macro '__INLINE'
  #define __INLINE         inline                                     /*!< inline keyword for GNU Compiler       */
                           ^
../CORE\core_cm3.h(1212): error: unknown type name 'inline'
static __INLINE void __WFE()                      { __ASM volatile ("wfe"); }
       ^
../CORE\core_cm3.h(751): note: expanded from macro '__INLINE'
  #define __INLINE         inline                                     /*!< inline keyword for GNU Compiler       */
                           ^
../CORE\core_cm3.h(1213): error: unknown type name 'inline'
static __INLINE void __SEV()                      { __ASM volatile ("sev"); }
       ^
../CORE\core_cm3.h(751): note: expanded from macro '__INLINE'
  #define __INLINE         inline                                     /*!< inline keyword for GNU Compiler       */
                           ^
../CORE\core_cm3.h(1214): error: unknown type name 'inline'
static __INLINE void __ISB()                      { __ASM volatile ("isb"); }
       ^
../CORE\core_cm3.h(751): note: expanded from macro '__INLINE'
  #define __INLINE         inline                                     /*!< inline keyword for GNU Compiler       */
                           ^
../CORE\core_cm3.h(1215): error: unknown type name 'inline'
static __INLINE void __DSB()                      { __ASM volatile ("dsb"); }
       ^
../CORE\core_cm3.h(751): note: expanded from macro '__INLINE'
  #define __INLINE         inline                                     /*!< inline keyword for GNU Compiler       */
                           ^
../CORE\core_cm3.h(1216): error: unknown type name 'inline'
static __INLINE void __DMB()                      { __ASM volatile ("dmb"); }
       ^
../CORE\core_cm3.h(751): note: expanded from macro '__INLINE'
  #define __INLINE         inline                                     /*!< inline keyword for GNU Compiler       */
                           ^
../CORE\core_cm3.h(1217): error: unknown type name 'inline'
static __INLINE void __CLREX()                    { __ASM volatile ("clrex"); }
       ^
../CORE\core_cm3.h(751): note: expanded from macro '__INLINE'
  #define __INLINE         inline                                     /*!< inline keyword for GNU Compiler       */
                           ^
../CORE\core_cm3.h(1468): error: unknown type name 'inline'
static __INLINE void NVIC_SetPriorityGrouping(uint32_t PriorityGroup)
       ^
../CORE\core_cm3.h(751): note: expanded from macro '__INLINE'
  #define __INLINE         inline                                     /*!< inline keyword for GNU Compiler       */
                           ^
../CORE\core_cm3.h(1489): error: unknown type name 'inline'
static __INLINE uint32_t NVIC_GetPriorityGrouping(void)
       ^
../CORE\core_cm3.h(751): note: expanded from macro '__INLINE'
  #define __INLINE         inline                                     /*!< inline keyword for GNU Compiler       */
                           ^
../CORE\core_cm3.h(1489): error: expected ';' after top level declarator
static __INLINE uint32_t NVIC_GetPriorityGrouping(void)
                        ^
                        ;
../CORE\core_cm3.h(1756): error: unknown type name 'inline'
static __INLINE uint32_t ITM_SendChar (uint32_t ch)
       ^
../CORE\core_cm3.h(751): note: expanded from macro '__INLINE'
  #define __INLINE         inline                                     /*!< inline keyword for GNU Compiler       */
                           ^
../CORE\core_cm3.h(1756): error: expected ';' after top level declarator
static __INLINE uint32_t ITM_SendChar (uint32_t ch)
                        ^
                        ;
../SYSTEM/delay/delay.c(32): error: use of undeclared identifier 'SystemCoreClock'
        fac_us=SystemCoreClock/8000000; //为系统时<D6>拥<C4>1/8  
               ^
18 errors generated.
compiling delay.c...
../SYSTEM/sys/sys.c(1): warning: In file included from...
../SYSTEM/sys/sys.h(3): warning: In file included from...
../USER\stm32f10x.h(478): warning: In file included from...
../CORE\core_cm3.h(1204): error: unknown type name 'inline'
static __INLINE void __enable_irq()               { __ASM volatile ("cpsie i"); }
       ^
../CORE\core_cm3.h(751): note: expanded from macro '__INLINE'
  #define __INLINE         inline                                     /*!< inline keyword for GNU Compiler       */
                           ^
../CORE\core_cm3.h(1205): error: unknown type name 'inline'
static __INLINE void __disable_irq()              { __ASM volatile ("cpsid i"); }
       ^
../CORE\core_cm3.h(751): note: expanded from macro '__INLINE'
  #define __INLINE         inline                                     /*!< inline keyword for GNU Compiler       */
                           ^
../CORE\core_cm3.h(1207): error: unknown type name 'inline'
static __INLINE void __enable_fault_irq()         { __ASM volatile ("cpsie f"); }
       ^
../CORE\core_cm3.h(751): note: expanded from macro '__INLINE'
  #define __INLINE         inline                                     /*!< inline keyword for GNU Compiler       */
                           ^
../CORE\core_cm3.h(1208): error: unknown type name 'inline'
static __INLINE void __disable_fault_irq()        { __ASM volatile ("cpsid f"); }
       ^
../CORE\core_cm3.h(751): note: expanded from macro '__INLINE'
  #define __INLINE         inline                                     /*!< inline keyword for GNU Compiler       */
                           ^
../CORE\core_cm3.h(1210): error: unknown type name 'inline'
static __INLINE void __NOP()                      { __ASM volatile ("nop"); }
       ^
../CORE\core_cm3.h(751): note: expanded from macro '__INLINE'
  #define __INLINE         inline                                     /*!< inline keyword for GNU Compiler       */
                           ^
../CORE\core_cm3.h(1211): error: unknown type name 'inline'
static __INLINE void __WFI()                      { __ASM volatile ("wfi"); }
       ^
../CORE\core_cm3.h(751): note: expanded from macro '__INLINE'
  #define __INLINE         inline                                     /*!< inline keyword for GNU Compiler       */
                           ^
../CORE\core_cm3.h(1212): error: unknown type name 'inline'
static __INLINE void __WFE()                      { __ASM volatile ("wfe"); }
       ^
../CORE\core_cm3.h(751): note: expanded from macro '__INLINE'
  #define __INLINE         inline                                     /*!< inline keyword for GNU Compiler       */
                           ^
../CORE\core_cm3.h(1213): error: unknown type name 'inline'
static __INLINE void __SEV()                      { __ASM volatile ("sev"); }
       ^
../CORE\core_cm3.h(751): note: expanded from macro '__INLINE'
  #define __INLINE         inline                                     /*!< inline keyword for GNU Compiler       */
                           ^
../CORE\core_cm3.h(1214): error: unknown type name 'inline'
static __INLINE void __ISB()                      { __ASM volatile ("isb"); }
       ^
../CORE\core_cm3.h(751): note: expanded from macro '__INLINE'
  #define __INLINE         inline                                     /*!< inline keyword for GNU Compiler       */
                           ^
../CORE\core_cm3.h(1215): error: unknown type name 'inline'
static __INLINE void __DSB()                      { __ASM volatile ("dsb"); }
       ^
../CORE\core_cm3.h(751): note: expanded from macro '__INLINE'
  #define __INLINE         inline                                     /*!< inline keyword for GNU Compiler       */
                           ^
../CORE\core_cm3.h(1216): error: unknown type name 'inline'
static __INLINE void __DMB()                      { __ASM volatile ("dmb"); }
       ^
../CORE\core_cm3.h(751): note: expanded from macro '__INLINE'
  #define __INLINE         inline                                     /*!< inline keyword for GNU Compiler       */
                           ^
../CORE\core_cm3.h(1217): error: unknown type name 'inline'
static __INLINE void __CLREX()                    { __ASM volatile ("clrex"); }
       ^
../CORE\core_cm3.h(751): note: expanded from macro '__INLINE'
  #define __INLINE         inline                                     /*!< inline keyword for GNU Compiler       */
                           ^
../CORE\core_cm3.h(1468): error: unknown type name 'inline'
static __INLINE void NVIC_SetPriorityGrouping(uint32_t PriorityGroup)
       ^
../CORE\core_cm3.h(751): note: expanded from macro '__INLINE'
  #define __INLINE         inline                                     /*!< inline keyword for GNU Compiler       */
                           ^
../CORE\core_cm3.h(1489): error: unknown type name 'inline'
static __INLINE uint32_t NVIC_GetPriorityGrouping(void)
       ^
../CORE\core_cm3.h(751): note: expanded from macro '__INLINE'
  #define __INLINE         inline                                     /*!< inline keyword for GNU Compiler       */
                           ^
../CORE\core_cm3.h(1489): error: expected ';' after top level declarator
static __INLINE uint32_t NVIC_GetPriorityGrouping(void)
                        ^
                        ;
../CORE\core_cm3.h(1756): error: unknown type name 'inline'
static __INLINE uint32_t ITM_SendChar (uint32_t ch)
       ^
../CORE\core_cm3.h(751): note: expanded from macro '__INLINE'
  #define __INLINE         inline                                     /*!< inline keyword for GNU Compiler       */
                           ^
../CORE\core_cm3.h(1756): error: expected ';' after top level declarator
static __INLINE uint32_t ITM_SendChar (uint32_t ch)
                        ^
                        ;
17 errors generated.
compiling sys.c...
../SYSTEM/usart/usart.c(1): warning: In file included from...
../SYSTEM/sys\sys.h(3): warning: In file included from...
../USER\stm32f10x.h(478): warning: In file included from...
../CORE\core_cm3.h(1204): error: unknown type name 'inline'
static __INLINE void __enable_irq()               { __ASM volatile ("cpsie i"); }
       ^
../CORE\core_cm3.h(751): note: expanded from macro '__INLINE'
  #define __INLINE         inline                                     /*!< inline keyword for GNU Compiler       */
                           ^
../CORE\core_cm3.h(1205): error: unknown type name 'inline'
static __INLINE void __disable_irq()              { __ASM volatile ("cpsid i"); }
       ^
../CORE\core_cm3.h(751): note: expanded from macro '__INLINE'
  #define __INLINE         inline                                     /*!< inline keyword for GNU Compiler       */
                           ^
../CORE\core_cm3.h(1207): error: unknown type name 'inline'
static __INLINE void __enable_fault_irq()         { __ASM volatile ("cpsie f"); }
       ^
../CORE\core_cm3.h(751): note: expanded from macro '__INLINE'
  #define __INLINE         inline                                     /*!< inline keyword for GNU Compiler       */
                           ^
../CORE\core_cm3.h(1208): error: unknown type name 'inline'
static __INLINE void __disable_fault_irq()        { __ASM volatile ("cpsid f"); }
       ^
../CORE\core_cm3.h(751): note: expanded from macro '__INLINE'
  #define __INLINE         inline                                     /*!< inline keyword for GNU Compiler       */
                           ^
../CORE\core_cm3.h(1210): error: unknown type name 'inline'
static __INLINE void __NOP()                      { __ASM volatile ("nop"); }
       ^
../CORE\core_cm3.h(751): note: expanded from macro '__INLINE'
  #define __INLINE         inline                                     /*!< inline keyword for GNU Compiler       */
                           ^
../CORE\core_cm3.h(1211): error: unknown type name 'inline'
static __INLINE void __WFI()                      { __ASM volatile ("wfi"); }
       ^
../CORE\core_cm3.h(751): note: expanded from macro '__INLINE'
  #define __INLINE         inline                                     /*!< inline keyword for GNU Compiler       */
                           ^
../CORE\core_cm3.h(1212): error: unknown type name 'inline'
static __INLINE void __WFE()                      { __ASM volatile ("wfe"); }
       ^
../CORE\core_cm3.h(751): note: expanded from macro '__INLINE'
  #define __INLINE         inline                                     /*!< inline keyword for GNU Compiler       */
                           ^
../CORE\core_cm3.h(1213): error: unknown type name 'inline'
static __INLINE void __SEV()                      { __ASM volatile ("sev"); }
       ^
../CORE\core_cm3.h(751): note: expanded from macro '__INLINE'
  #define __INLINE         inline                                     /*!< inline keyword for GNU Compiler       */
                           ^
../CORE\core_cm3.h(1214): error: unknown type name 'inline'
static __INLINE void __ISB()                      { __ASM volatile ("isb"); }
       ^
../CORE\core_cm3.h(751): note: expanded from macro '__INLINE'
  #define __INLINE         inline                                     /*!< inline keyword for GNU Compiler       */
                           ^
../CORE\core_cm3.h(1215): error: unknown type name 'inline'
static __INLINE void __DSB()                      { __ASM volatile ("dsb"); }
       ^
../CORE\core_cm3.h(751): note: expanded from macro '__INLINE'
  #define __INLINE         inline                                     /*!< inline keyword for GNU Compiler       */
                           ^
../CORE\core_cm3.h(1216): error: unknown type name 'inline'
static __INLINE void __DMB()                      { __ASM volatile ("dmb"); }
       ^
../CORE\core_cm3.h(751): note: expanded from macro '__INLINE'
  #define __INLINE         inline                                     /*!< inline keyword for GNU Compiler       */
                           ^
../CORE\core_cm3.h(1217): error: unknown type name 'inline'
static __INLINE void __CLREX()                    { __ASM volatile ("clrex"); }
       ^
../CORE\core_cm3.h(751): note: expanded from macro '__INLINE'
  #define __INLINE         inline                                     /*!< inline keyword for GNU Compiler       */
                           ^
../CORE\core_cm3.h(1468): error: unknown type name 'inline'
static __INLINE void NVIC_SetPriorityGrouping(uint32_t PriorityGroup)
       ^
../CORE\core_cm3.h(751): note: expanded from macro '__INLINE'
  #define __INLINE         inline                                     /*!< inline keyword for GNU Compiler       */
                           ^
../CORE\core_cm3.h(1489): error: unknown type name 'inline'
static __INLINE uint32_t NVIC_GetPriorityGrouping(void)
       ^
../CORE\core_cm3.h(751): note: expanded from macro '__INLINE'
  #define __INLINE         inline                                     /*!< inline keyword for GNU Compiler       */
                           ^
../CORE\core_cm3.h(1489): error: expected ';' after top level declarator
static __INLINE uint32_t NVIC_GetPriorityGrouping(void)
                        ^
                        ;
../CORE\core_cm3.h(1756): error: unknown type name 'inline'
static __INLINE uint32_t ITM_SendChar (uint32_t ch)
       ^
../CORE\core_cm3.h(751): note: expanded from macro '__INLINE'
  #define __INLINE         inline                                     /*!< inline keyword for GNU Compiler       */
                           ^
../CORE\core_cm3.h(1756): error: expected ';' after top level declarator
static __INLINE uint32_t ITM_SendChar (uint32_t ch)
                        ^
                        ;
../SYSTEM/usart/usart.c(10): error: '#pragma import' is an Arm Compiler 5 extension, and is not supported by Arm Compiler for Embedded 6 [-Warmcc-pragma-import]
#pragma import(__use_no_semihosting)             
        ^
../SYSTEM/usart/usart.c(12): error: redefinition of '__FILE'
struct __FILE 
       ^
D:\Keil_v5\ARM\ARMCLANG\Bin\..\include\stdio.h(119): note: previous definition is here
struct __FILE {
       ^
19 errors generated.
compiling usart.c...
".\Test.axf" - 585 Error(s), 3 Warning(s).

<h2>Software Packages used:</h2>

Package Vendor: Keil
                http://www.keil.com/pack/Keil.STM32F1xx_DFP.2.4.0.pack
                Keil.STM32F1xx_DFP.2.4.0
                STMicroelectronics STM32F1 Series Device Support, Drivers and Examples

<h2>Collection of Component include folders:</h2>
  D:/Software/Arm/Packs/Keil/STM32F1xx_DFP/2.4.0/Device/Include

<h2>Collection of Component Files used:</h2>
Target not created.
Build Time Elapsed:  00:00:08
</pre>
</body>
</html>
